[   0000000] Initialzig cgroup bsys cpse
[    0.000000] Initializing cgroup subsys cpu
[    0.000000] Initializing cgroup subsys cpuacct
[   .0000] Linuxveion 4.0-19-gneic (bild@lcy-ad64-4) (gcc erio 5.40 01609 Ubun 54.0-6ubuntu1~16.04.12) ) #209-Uun SMP Fri Apr241748:4UT 202(Uuntu4..0-1.29-geeric 4.4.219)
[    0.000000] Command line: BOOT_IMAGE=/bot/vmlinuz-4.4.0-179-generic root=UUID=3ec9c697-57a3-436c-b96d-029b3a1fd5 ro console=tty1 console=ttyS0
[    0.000000] KERNEL supported cpus:
[    0.000000]   Intel Genuinetel
[    0.000000]   AMD AuthenticAMD
[    0.000000]   Centaur CentaurHauls
[    0.000000] x86/fpu: xstate_offset[2]:  576, xstate_sizes[2]:  256
[    0.000000] x86/fpu: Supporting XSAVE feature 0x01: 'x87 floatg point registers'
[    0.000000] x86/fpu: Supporting XSAVE feature 0x02: 'SSE registers'
[    0.000000] x86/fpu: Supporting XSAVE feature 0x04: 'AVX registers'
[    0.000000] x86/fpu: Enabled xstate features 0x7, context size is 832 bytes, using 'standard' format.
[    0.000000] e820: BIOS-provided physical RAM map:
[    0.000000] BIOS-e820: [mem 0x0000000000000000-0x000000000009fbff] usable
[    0.000000] BIOS-e820: [mem 0x000000000009fc00-0x000000000009ffff] reserved
[    0.000000] BIOS-e820: [mem 0x00000000000f0000-0x00000000000fffff] reserved
[    0.000000] BIOS-e820: [mem 0x0000000000100000-0x000000003ffeffff] usable
[    0.000000] BIOS-e820: [mem 0x000000003fff0000-0x000000003fffffff] ACPI data
[    0.000000] BIOS-e820: [mem 0x00000000fec00000-0x00000000fec00fff] reserved
[    0.000000] BIOS-e820: [mem 0x00000000fee00000-0x00000000fee00fff] reserved
[    0.000000] BIOS-e820: [mem 0x00000000fffc0000-0x00000000ffffffff] reserved
[    0.000000] NX (Execute Disable) protection: active
[    0.000000] SMBIOS 2.5 present.
[    0.000000] Hypervisor detected: KVM
[    0.000000] e820: last_pfn = 0x3fff0 max_arch_pfn = 0x400000000
[    0.000000] MTRR: Disabled
[    0.000000] x86/PAT: MTRRs disabled, skipping PAT initialization too.
[    0.000000] CPU MTRRs all blank - virtualized system.
[    0.000000] x86/PAT: Configuration [0-7]: WB  WT  UC- UC  WB  WT  UC- UC  
[    0.000000] found SMP MP-table at [mem 0x0009fff0-0x0009ffff] mapped at [ffff88000009fff0]
[    0.000000] Scanning 1 areas for low memory corruption
[    0.000000] RAMDISK: [mem 0x361c8000-0x370dbfff]
[    0.000000] ACPI: Early table checksum verification disabled
[    0.000000] ACPI: RSDP 0x00000000000E0000 000024 (v02 VBOX  )
[    0.000000] ACPI: XSDT 0x000000003FFF0030 00003C (v01 VBOX   VBOXXSDT 00000001 ASL  00000061)
[    0.000000] ACPI: FACP 0x000000003FFF00F0 0000F4 (v04 VBOX   VBOXFACP 00000001 ASL  00000061)
[    0.000000] ACPI: DSDT 0x000000003FFF0470 0021FF (v02 VBOX   VBOXBIOS 00000002 INTL 20100528)
[    0.000000] ACPI: FACS 0x000000003FFF0200 000040
[    0.000000] ACPI: FACS 0x000000003FFF0200 000040
[    0.000000] ACPI: APIC 0x000000003FFF0240 00005C (v02 VBOX   VBOXAPIC 00000001 ASL  00000061)
[    0.000000] ACPI: SSDT 0x000000003FFF02A0 0001CC (v01 VBOX   VBOXCPUT 00000002 INTL 20100528)
[    0.000000] No NUMA configuration found
[    0.000000] Faking a node at [mem 0x0000000000000000-0x000000003ffeffff]
[    0.000000] NODE_DATA(0) allocated [mem 0x3ffeb000-0x3ffeffff]
[    0.000000] kvm-clock: Using msrs 4b564d01 and 4b564d00
[    0.000000] kvm-clock: cpu 0, msr 0:3ffe3001, primary cpu clock
[    0.000000] kvm-clock: using sched offset of 4163876076 cycles
[    0.000000] clocksource: kvm-clock: mask: 0xffffffffffffffff max_cycles: 0x1cd42e4dffb, max_idle_ns: 881590591483 ns
[    0.000000] Zone ranges:
[    0.000000]   DMA      [mem 0x0000000000001000-0x0000000000ffffff]
[    0.000000]   DMA32    [mem 0x0000000001000000-0x000000003ffeffff]
[    0.000000]   Normal   empty
[    0.000000]   Device   empty
[    0.000000] Movable zone start for each node
[    0.000000] Early memory node ranges
[    0.000000]   node   0: [mem 0x0000000000001000-0x000000000009efff]
[    0.000000]   node   0: [mem 0x0000000000100000-0x000000003ffeffff]
[    0.000000] Initmem setup node 0 [mem 0x0000000000001000-0x000000003ffeffff]
[    0.000000] ACPI: PM-Timer IO Port: 0x4008
[    0.000000] IOAPIC[0]: apic_id 2, version 32, address 0xfec00000, GSI 0-23
[    0.000000] ACPI: INT_SRC_OVR (bus 0 bus_irq 0 global_irq 2 dfl dfl)
[    0.000000] ACPI: INT_SRC_OVR (bus 0 bus_irq 9 global_irq 9 low level)
[    0.000000] Using ACPI (MADT) for SMP configuration information
[    0.000000] smpboot: Allowing 2 CPUs, 0 hotplug CPUs
[    0.000000] PM: Registered nosave memory: [mem 0x00000000-0x00000fff]
[    0.000000] PM: Registered nosave memory: [mem 0x0009f000-0x0009ffff]
[    0.000000] PM: Registered nosave memory: [mem 0x000a0000-0x000effff]
[    0.000000] PM: Registered nosave memory: [mem 0x000f0000-0x000fffff]
[    0.000000] e820: [mem 0x40000000-0xfebfffff] available for PCI devices
[    0.000000] Booting paravirtualized kernel on KVM
[    0.000000] clocksource: refined-jiffies: mask: 0xffffffff max_cycles: 0xffffffff, max_idle_ns: 7645519600211568 ns
[    0.000000] setup_percpu: NR_CPUS:512 nr_cpumask_bits:512 nr_cpu_ids:2 nr_node_ids:1
[    0.000000] PERCPU: Embedded 33 pages/cpu @ffff88003fc00000 s95448 r8192 d31528 u1048576
[    0.000000] Built 1 zonelists in Node order, mobility grouping on.  Total pages: 257912
[    0.000000] Policy zone: DMA32
[    0.000000] Kernel command line: BOOT_IMAGE=/boot/vmlinuz-4.4.0-179-generic root=UUID=3ec9c697-57a3-436c-b96d-029b3a1fefd5 ro console=tty1 console=ttyS0
[    0.000000] PID hash table entries: 4096 (order: 3, 32768 bytes)
[    0.000000] Memory: 997112K/1048120K available (8630K kernel code, 1336K rwdata, 4036K rodata, 1488K init, 1292K bss, 51008K reserved, 0K cma-reserved)
[    0.000000] SLUB: HWalign=64, Order=0-3, MinObjects=0, CPUs=2, Nodes=1
[    0.000000] Kernel/User page tables isolation: enabled
[    0.000000] Hierarchical RCU implementation.
[    0.000000] 	Build-time adjustment of leaf fanout to 64.
[    0.000000] 	RCU restricting CPUs from NR_CPUS=512 to nr_cpu_ids=2.
[    0.000000] RCU: Adjusting geometry for rcu_fanout_leaf=64, nr_cpu_ids=2
[    0.000000] NR_IRQS:33024 nr_irqs:440 16
[    0.000000] Console: colour VGA+ 80x25
[    0.000000] console [tty1] enabled
[    0.000000] console [ttyS0] enabled
[    0.000000] tsc: Detected 2592.002 MHz processor
[    1.625102] Calibrating delay loop (skipped) preset value.. 5184.00 BogoMIPS (lpj=10368008)
[    1.627526] pid_max: default: 32768 minimum: 301
[    1.628834] ACPI: Core revision 20150930
[    1.632287] ACPI: 2 ACPI AML tables successfully acquired and loaded
[    1.634072] Security Framework initialized
[    1.635236] Yama: becoming mindful.
[    1.636322] AppArmor: AppArmor initialized
[    1.637547] Dentry cache hash table entries: 131072 (order: 8, 1048576 bytes)
[    1.641558] Inode-cache hash table entries: 65536 (order: 7, 524288 bytes)
[    1.643329] Mount-cache hash table entries: 2048 (order: 2, 16384 bytes)
[    1.645042] Mountpoint-cache hash table entries: 2048 (order: 2, 16384 bytes)
[    1.647060] Initializing cgroup subsys io
[    1.648264] Initializing cgroup subsys memory
[    1.649596] Initializing cgroup subsys devices
[    1.650891] Initializing cgroup subsys freezer
[    1.652128] Initializing cgroup subsys net_cls
[    1.653379] Initializing cgroup subsys perf_event
[    1.654653] Initializing cgroup subsys net_prio
[    1.655916] Initializing cgroup subsys hugetlb
[    1.657103] Initializing cgroup subsys pids
[    1.659355] mce: CPU supports 0 MCE banks
[    1.660660] Last level iTLB entries: 4KB 64, 2MB 8, 4MB 8
[    1.669368] Last level dTLB entries: 4KB 64, 2MB 0, 4MB 0, 1GB 4
[    1.699571] Spectre V1 : Mitigation: usercopy/swapgs barriers and __user pointer sanitization
[    1.713055] Spectre V2 : Mitigation: Full generic retpoline
[    1.730365] Spectre V2 : Spectre v2 / SpectreRSB mitigation: Filling RSB on context switch
[    1.812873] Speculative Store Bypass: Vulnerable
[    1.852998] MDS: Vulnerable: Clear CPU buffers attempted, no microcode
[    1.907098] Freeing SMP alternatives memory: 36K
[    1.957072] ftrace: allocating 32313 entries in 127 pages
[    2.057356] smpboot: APIC(0) Converting physical 0 to logical package 0
[    2.178555] smpboot: Max logical packages: 1
[    2.283793] x2apic enabled
[    2.291969] Switched APIC routing to physical x2apic.
[    2.393356] ..TIMER: vector=0x30 apic1=0 pin1=2 apic2=-1 pin2=-1
[    2.650509] smpboot: CPU0: Intel(R) Core(TM) i7-6700HQ CPU @ 2.60GHz (family: 0x6, model: 0x5e, stepping: 0x3)
[    2.653373] Performance Events: unsupported p6 CPU model 94 no PMU driver, software events only.
[    2.665499] KVM setup paravirtual spinlock
[    2.667223] x86: Booting SMP configuration:
[    2.668425] .... node  #0, CPUs:      #1
[    2.680553] kvm-clock: cpu 1, msr 0:3ffe3041, secondary cpu clock
[    2.704039] mce: CPU supports 0 MCE banks
[    2.706926] x86: Booted up 1 node, 2 CPUs
[    2.804787] smpboot: Total of 2 processors activated (10368.00 BogoMIPS)
[    2.949901] devtmpfs: initialized
[    3.037924] evm: security.selinux
[    3.080226] evm: security.SMACK64
[    3.122665] evm: security.SMACK64EXEC
[    3.173507] evm: security.SMACK64TRANSMUTE
[    3.266196] evm: security.SMACK64MMAP
[    3.311162] evm: security.ima
[    3.327587] evm: security.capability
[    3.397661] clocksource: jiffies: mask: 0xffffffff max_cycles: 0xffffffff, max_idle_ns: 7645041785100000 ns
[    3.561105] futex hash table entries: 512 (order: 3, 32768 bytes)
[    3.637950] pinctrl core: initialized pinctrl subsystem
[    3.641644] RTC time:  4:04:06, date: 05/30/20
[    3.651981] NET: Registered protocol family 16
[    3.664168] cpuidle: using governor ladder
[    3.704125] cpuidle: using governor menu
[    3.816938] PCCT header not found.
[    3.853331] ACPI: bus type PCI registered
[    3.903165] acpiphp: ACPI Hot Plug PCI Controller Driver version: 0.5
[    3.936668] PCI: Using configuration type 1 for base access
[    3.966733] ACPI: Added _OSI(Module Device)
[    3.969904] ACPI: Added _OSI(Processor Device)
[    3.989852] ACPI: Added _OSI(3.0 _SCP Extensions)
[    3.994501] ACPI: Added _OSI(Processor Aggregator Device)
[    4.047348] ACPI: Executed 1 blocks of module-level executable AML code
[    4.089965] ACPI: Interpreter enabled
[    4.092791] ACPI: (supports S0 S5)
[    4.127353] ACPI: Using IOAPIC for interrupt routing
[    4.154413] PCI: Using host bridge windows from ACPI; if necessary, use "pci=nocrs" and report a bug
[    4.169005] ACPI: PCI Root Bridge [PCI0] (domain 0000 [bus 00-ff])
[    4.179191] acpi PNP0A03:00: _OSC: OS supports [ASPM ClockPM Segments MSI]
[    4.231094] acpi PNP0A03:00: _OSC: not requesting OS control; OS requires [ExtendedConfig ASPM ClockPM MSI]
[    4.256165] acpi PNP0A03:00: fail to add MMCONFIG information, can't access extended PCI configuration space under this bridge.
[    4.338187] PCI host bridge to bus 0000:00
[    4.397811] pci_bus 0000:00: root bus resource [io  0x0000-0x0cf7 window]
[    4.422041] pci_bus 0000:00: root bus resource [io  0x0d00-0xffff window]
[    4.484016] pci_bus 0000:00: root bus resource [mem 0x000a0000-0x000bffff window]
[    4.560667] pci_bus 0000:00: root bus resource [mem 0x40000000-0xfdffffff window]
[    4.632974] pci_bus 0000:00: root bus resource [bus 00-ff]
[    4.647827] pci 0000:00:01.1: legacy IDE quirk: reg 0x10: [io  0x01f0-0x01f7]
[    4.725399] pci 0000:00:01.1: legacy IDE quirk: reg 0x14: [io  0x03f6]
[    4.736398] pci 0000:00:01.1: legacy IDE quirk: reg 0x18: [io  0x0170-0x0177]
[    4.739397] pci 0000:00:01.1: legacy IDE quirk: reg 0x1c: [io  0x0376]
[    4.781466] pci 0000:00:07.0: quirk: [io  0x4000-0x403f] claimed by PIIX4 ACPI
[    4.801052] pci 0000:00:07.0: quirk: [io  0x4100-0x410f] claimed by PIIX4 SMB
[    4.825843] ACPI: PCI Interrupt Link [LNKA] (IRQs 5 9 10 *11)
[    4.871433] ACPI: PCI Interrupt Link [LNKB] (IRQs 5 9 *10 11)
[    4.950062] ACPI: PCI Interrupt Link [LNKC] (IRQs 5 *9 10 11)
[    4.992862] ACPI: PCI Interrupt Link [LNKD] (IRQs 5 9 10 *11)
[    5.020221] ACPI: Enabled 2 GPEs in block 00 to 07
[    5.061737] vgaarb: setting as boot device: PCI:0000:00:02.0
[    5.092103] vgaarb: device added: PCI:0000:00:02.0,decodes=io+mem,owns=io+mem,locks=none
[    5.142510] vgaarb: loaded
[    5.177333] vgaarb: bridge control possible 0000:00:02.0
[    5.251408] SCSI subsystem initialized
[    5.271188] ACPI: bus type USB registered
[    5.272471] usbcore: registered new interface driver usbfs
[    5.286899] usbcore: registered new interface driver hub
[    5.288350] usbcore: registered new device driver usb
[    5.290333] PCI: Using ACPI for IRQ routing
[    5.291973] NetLabel: Initializing
[    5.292998] NetLabel:  domain hash size = 128
[    5.294603] NetLabel:  protocols = UNLABELED CIPSOv4
[    5.333911] NetLabel:  unlabeled traffic allowed by default
[    5.379515] amd_nb: Cannot enumerate AMD northbridges
[    5.422333] clocksource: Switched to clocksource kvm-clock
[   .4178]ApArr:ApArorFilesystem Enabled
[    5.827747] pnp: PnP ACPI init
[    5.830904] pn PP CP: ou 3eves

[    6.227788] clocksource: acpi_pm: mask: 0xffffff max_cycles: 0xffffff, max_idle_ns: 2085701024 ns
[    6.270183] NET: Registered protocol family 2
[    6.286721] TCP established hash table entries: 8192 (order: 4, 65536 bytes)
[    6.288481] TCP bind hash table entries: 8192 (order: 5, 131072 bytes)
[    6.298635] TCP: Hash tables configured (established 8192 bind 8192)
[    6.300388] UDP hash table entries: 512 (order: 2, 16384 bytes)
[    6.303587] UDP-Lite hash table entries: 512 (order: 2, 16384 bytes)
[    6.305146] NET: Registered protocol family 1
[    6.306382] pci 0000:00:00.0: Limiting direct PCI/PCI transfers
[    6.308014] pci 0000:00:01.0: Activating ISA DMA hang workarounds
[    6.311901] Unpacking initramfs...
[    6.599599] Freeing initrd memory: 15440K
[    6.601377] clocksource: tsc: mask: 0xffffffffffffffff max_cycles: 0x255cb8d7d74, max_idle_ns: 440795265546 ns
[    6.619266] platform rtc_cmos: registered platform RTC device (no PNP device found)
[    6.622643] Scanning for low memory corruption every 60 seconds
[    6.625435] audit: initializing netlink subsys (disabled)
[    6.641942] audit: type=2000 audit(1590811450.633:1): initialized
[    6.651664] Initialise system trusted keyring
[    6.660667] HugeTLB registered 2 MB page size, pre-allocated 0 pages
[    6.672831] zbud: loaded
[    6.674390] VFS: Disk quotas dquot_6.6.0
[    6.677381] VFS: Dquot-cache hash table entries: 512 (order 0, 4096 bytes)
[    6.687537] squashfs: version 4.0 (2009/01/31) Phillip Lougher
[    6.692509] fuse init (API version 7.23)
[    6.694518] Key type big_key registered
[    6.703538] Allocating IMA MOK and blacklist keyrings.
[    6.707180] Key type asymmetric registered
[    6.709007] Asymmetric key parser 'x509' registered
[    6.710788] Block layer SCSI generic (bsg) driver version 0.4 loaded (major 249)
[    6.713748] io scheduler noop registered
[    6.715277] io scheduler deadline registered (default)
[    6.717094] io scheduler cfq registered
[    6.727575] pci_hotplug: PCI Hot Plug PCI Core version: 0.5
[    6.729710] pciehp: PCI Express Hot Plug Controller Driver version: 0.4
[    6.732240] ACPI: AC Adapter [AC] (on-line)
[    6.733653] input: Power Button as /devices/LNXSYSTM:00/LNXPWRBN:00/input/input0
[    6.736671] ACPI: Power Button [PWRF]
[    6.738115] input: Sleep Button as /devices/LNXSYSTM:00/LNXSLPBN:00/input/input1
[    6.741240] ACPI: Sleep Button [SLPF]
[    6.743197] GHES: HEST is not enabled!
[    6.744274] ACPI: Battery Slot [BAT0] (battery present)
[    6.746624] Serial: 8250/16550 driver, 32 ports, IRQ sharing enabled
[    6.773427] 00:02: ttyS0 at I/O 0x3f8 (irq = 4, base_baud = 115200) is a 16550A
[    6.778202] Linux agpgart interface v0.103
[    6.787628] loop: module loaded
[    6.789903] scsi host0: ata_piix
[    6.791609] scsi host1: ata_piix
[    6.793002] ata1: PATA max UDMA/33 cmd 0x1f0 ctl 0x3f6 bmdma 0xd000 irq 14
[    6.795579] ata2: PATA max UDMA/33 cmd 0x170 ctl 0x376 bmdma 0xd008 irq 15
[    6.798194] libphy: Fixed MDIO Bus: probed
[    6.799835] tun: Universal TUN/TAP device driver, 1.6
[    6.801489] tun: (C) 1999-2004 Max Krasnyansky <maxk@qualcomm.com>
[    6.803602] PPP generic driver version 2.4.2
[    6.805339] ehci_hcd: USB 2.0 'Enhanced' Host Controller (EHCI) Driver
[    6.807631] ehci-pci: EHCI PCI platform driver
[    6.809356] ehci-platform: EHCI generic platform driver
[    6.811600] ohci_hcd: USB 1.1 'Open' Host Controller (OHCI) Driver
[    6.813725] ohci-pci: OHCI PCI platform driver
[    6.815230] ohci-platform: OHCI generic platform driver
[    6.817120] uhci_hcd: USB Universal Host Controller Interface driver
[    6.819402] i8042: PNP: PS/2 Controller [PNP0303:PS2K,PNP0f03:PS2M] at 0x60,0x64 irq 1,12
[    6.823240] serio: i8042 KBD port at 0x60,0x64 irq 1
[    6.824847] serio: i8042 AUX port at 0x60,0x64 irq 12
[    6.826669] mousedev: PS/2 mouse device common for all mice
[    6.829361] rtc_cmos rtc_cmos: rtc core: registered rtc_cmos as rtc0
[    6.832012] input: AT Translated Set 2 keyboard as /devices/platform/i8042/serio0/input/input2
[    6.834649] rtc_cmos rtc_cmos: alarms up to one day, 114 bytes nvram
[    6.834664] i2c /dev entries driver
[    6.834733] device-mapper: uevent: version 1.0.3
[    6.835259] device-mapper: ioctl: 4.34.0-ioctl (2015-10-28) initialised: dm-devel@redhat.com
[    6.835284] ledtrig-cpu: registered to indicate activity on CPUs
[    6.835670] NET: Registered protocol family 10
[    6.835864] NET: Registered protocol family 17
[    6.835875] Key type dns_resolver registered
[    6.836164] registered taskstats version 1
[    6.836180] Loading compiled-in X.509 certificates
[    6.836876] Loaded X.509 cert 'Build time autogenerated kernel key: a9e5689415cbbea5b40a198600f217117afda70c'
[    6.836896] zswap: loaded using pool lzo/zbud
[    6.839171] Key type trusted registered
[    6.843176] Key type encrypted registered
[    6.843183] AppArmor: AppArmor sha1 policy hashing enabled
[    6.843186] ima: No TPM chip found, activating TPM-bypass!
[    6.843193] ima: Allocated hash algorithm: sha1
[    6.843217] evm: HMAC attrs: 0x1
[    6.843714]   Magic number: 4:184:61
[    6.845306] rtc_cmos rtc_cmos: setting system clock to 2020-05-30 04:04:10 UTC (1590811450)
[    6.845467] BIOS EDD facility v0.16 2004-Jun-25, 0 devices found
[    6.845467] EDD information not available.
[    7.749936] Freeing unused kernel memory: 1488K
[    7.856567] Write protecting the kernel read-only data: 14336k
[    7.904750] Freeing unused kernel memory: 1600K
[    7.925946] Freeing unused kernel memory: 60K
Loading, please wait...
starting version 229
[    7.959119] random: systemd-udevd: uninitialized urandom read (16 bytes read, 5 bits of entropy available)
[    7.959239] random: udevadm: uninitialized urandom read (16 bytes read, 5 bits of entropy available)
[    7.959254] random: udevadm: uninitialized urandom read (16 bytes read, 5 bits of entropy available)
[    7.967983] random: udevadm: uninitialized urandom read (16 bytes read, 5 bits of entropy available)
[    7.968021] random: udevadm: uninitialized urandom read (16 bytes read, 5 bits of entropy available)
[    7.968152] random: udevadm: uninitialized urandom read (16 bytes read, 5 bits of entropy available)
[    7.968205] random: udevadm: uninitialized urandom read (16 bytes read, 5 bits of entropy available)
[    7.968251] random: udevadm: uninitialized urandom read (16 bytes read, 5 bits of entropy available)
[    7.968299] random: udevadm: uninitialized urandom read (16 bytes read, 5 bits of entropy available)
[    7.968346] random: udevadm: uninitialized urandom read (16 bytes read, 5 bits of entropy available)
[    8.157201] e1000: Intel(R) PRO/1000 Network Driver - version 7.3.21-k8-NAPI
[    8.179019] e1000: Copyright (c) 1999-2006 Intel Corporation.
[    8.185478] Fusion MPT base driver 3.04.20
[    8.187307] Copyright (c) 1999-2008 LSI Corporation
[    8.208453] Fusion MPT SPI Host driver 3.04.20
[    8.220571] AVX2 version of gcm_enc/dec engaged.
[    8.223085] AES CTR mode by8 optimization enabled
[    8.409260] input: ImExPS/2 Generic Explorer Mouse as /devices/platform/i8042/serio1/input/input4
[    8.689319] e1000 0000:00:03.0 eth0: (PCI:33MHz:32-bit) 02:0a:da:58:a4:e2
[    8.754559] e1000 0000:00:03.0 eth0: Intel(R) PRO/1000 Network Connection
[    9.170347] e1000 0000:00:08.0 eth1: (PCI:33MHz:32-bit) 08:00:27:9b:38:8b
[    9.190661] e1000 0000:00:08.0 eth1: Intel(R) PRO/1000 Network Connection
[    9.297671] mptbase: ioc0: Initiating bringup
[    9.316448] e1000 0000:00:03.0 enp0s3: renamed from eth0
[    9.326761] e1000 0000:00:08.0 enp0s8: renamed from eth1
[    9.659609] ioc0: LSI53C1030 A0: Capabilities={Initiator}
[   10.721623] scsi host2: ioc0: LSI53C1030 A0, FwRev=00000000h, Ports=1, MaxQ=256, IRQ=20
[   12.791319] scsi 2:0:0:0: Direct-Access     VBOX     HARDDISK         1.0  PQ: 0 ANSI: 5
[   13.572324] scsi target2:0:0: Beginning Domain Validation
[   13.830996] scsi target2:0:0: Domain Validation skipping write tests
[   15.693234] scsi target2:0:0: Ending Domain Validation
[   16.859875] scsi target2:0:0: asynchronous
[   16.957402] scsi 2:0:1:0: Direct-Access     VBOX     HARDDISK         1.0  PQ: 0 ANSI: 5
[   17.332891] scsi target2:0:1: Beginning Domain Validation
[   17.353812] scsi target2:0:1: Domain Validation skipping write tests
[   17.355948] scsi target2:0:1: Ending Domain Validation
[   17.357917] scsi target2:0:1: asynchronous
[   17.367169] sd 2:0:0:0: [sda] 20971520 512-byte logical blocks: (10.7 GB/10.0 GiB)
[   17.367544] sd 2:0:0:0: Attached scsi generic sg0 type 0
[   17.368504] sd 2:0:1:0: [sdb] 20480 512-byte logical blocks: (10.5 MB/10.0 MiB)
[   17.368556] sd 2:0:1:0: Attached scsi generic sg1 type 0
[   17.368927] sd 2:0:1:0: [sdb] Write Protect is off
[   17.369100] sd 2:0:1:0: [sdb] Incomplete mode parameter data
[   17.369101] sd 2:0:1:0: [sdb] Assuming drive cache: write through
[   17.388013] sd 2:0:0:0: [sda] Write Protect is off
[   17.389639] sd 2:0:0:0: [sda] Incomplete mode parameter data
[   17.391344] sd 2:0:0:0: [sda] Assuming drive cache: write through
[   17.415178]  sda: sda1
[   17.416175] sd 2:0:1:0: [sdb] Attached SCSI disk
[   17.420483] sd 2:0:0:0: [sda] Attached SCSI disk
Begin: Loading e[   18.981846] md: linear personality registered for level -1
ssential drivers ... [   19.015805] md: multipath personality registered for level -4
[   19.021962] md: raid0 personality registered for level 0
[   19.028639] md: raid1 personality registered for level 1
[   19.102457] raid6: sse2x1   gen()  8948 MB/s
[   19.274366] raid6: sse2x1   xor()  6278 MB/s
[   19.438979] raid6: sse2x2   gen() 12299 MB/s
[   19.526356] raid6: sse2x2   xor()  8294 MB/s
[   19.694355] raid6: sse2x4   gen() 13957 MB/s
[   19.834496] raid6: sse2x4   xor()  8203 MB/s
[   19.918706] raid6: avx2x1   gen() 16654 MB/s
[   20.055396] raid6: avx2x2   gen() 20594 MB/s
[   20.134397] raid6: avx2x4   gen() 17945 MB/s
[   20.169884] raid6: using algorithm avx2x2 gen() 20594 MB/s
[   20.252170] raid6: using avx2x2 recovery algorithm
[   20.269930] xor: automatically using best checksumming function:
[   20.330646]    avx       : 24238.000 MB/sec
[   20.391586] async_tx: api initialized (async)
[   20.497410] md: raid6 personality registered for level 6
[   20.644110] md: raid5 personality registered for level 5
[   20.734884] md: raid4 personality registered for level 4
[   20.892000] md: raid10 personality registered for level 10
done.
Begin: Running /scripts/init-premount ... done.
Begin: Mounting root file system ... Begin: Run[   20.968961] Btrfs loaded
ning /scripts/local-top ... done.
Begin: Running /scripts/local-premount ... Scanning for Btrfs filesystems
done.
Warning: fsck not present, so skipping root file[   21.107533] EXT4-fs (sda1): mounted filesystem with ordered data mode. Opts: (null)
 system
done.
Begin: Running /scripts/local-bottom ... done.
Begin: Running /scripts/init-bottom ... done.
[  2.804 rndm: nonblocinpo is initialized

[   22.407765] systemd[1]: systemd 229 running in system mode. (+PAM +AUDIT +SELINUX +IMA +APPARMOR +SMACK +SYSVINIT +UTMP +LIBCRYPTSETUP +GCRYPT +GNUTLS +ACL +XZ -LZ4 +SECCOMP +BLKID +ELFUTILS +KMOD -IDN)
[   22.446189] systemd[1]: Detected virtualization oracle.
[   22.478570] systemd[1]: Detected architecture x86-64.

Welcome to [1mUbuntu 16.04.6 LTS[0m!

[   22.548124] systemd[1]: Set hostname to <ubuntu-xenial>.
[   .61969sytemd[1 [tc/systemd/system/snap-heroku-29ou:1 UknwnvaueLaUnunt' in sction 'Mount
[  24.6478] syste[1]: [/c/std/ystesn-hok397.un10Unno llu 'LazyUnmount' in section 'Mount'
[   25.839853] systemd[1]: [/etc/systemd/system/snap-core-9066.mount:10] Unknown lvalue 'LazyUnmount' in section 'Mount'
[   26.020899] systemd[1]: Started Forward Password Requests to Wall Directory Watch.
[[0;32m  OK  [0m] Started Forward Password Requests to Wall Directory Watch.
[ 26233]ysmd1] Listening on udev Kernel Socket.
[[0;32m  OK  [0m] Listening on udev Kernel Socket.
[   26.647105] systemd[1]: Listening on Journal Socket (/ev/log).
[[0;32m  OK  [0m] Listening on Journal Socket (/dev/log).
[   26.710025] systemd[1]: Created slice User and Session Slice.
[[0;32m  OK  [0m] Created slice User and Session Slice.
[   26.736867] systemd[1]: Reached target System Time Synchronized.
[[0;32m  OK  [0m] Reached target System Time Synchronized.
[   26.760049] systemd[1]: Reached target Swap.
[[0;32m  OK  [0m] Reached target Swap.
[   26.764450] sytemd[1: stinonournal Audit Socket.

[[0;32m  OK  [0m] Listening on Journal Audit Socket.
[   27.095760] systemd[1]: Listening on LVM2 metadata daemon socket.
[[0;32m  OK  [0m] Listening on LVM2 metadata daemon socket.
[   27.100055] systemd[1]: Listening on Device-mapper event daemon FIFOs.
[[0;32m  OK  [0m] Listening on Device-mapper event daemon FIFOs.
[ 273427syem1] Lisening on Syslog Socket.

[[0;32m  OK  [0m] Listening on Syslog Socket.
[   27.694153] systemd[1]:Set up autount Arbitrary Executable File Formats File System Automount Point.

[[0;32m  OK  [0m] Set up automount Arbitrary Executab...ats File System Automount Point.
[   27.814329] systemd[1]: Listening on /dev/initctl Compatibility Named Pipe.
[[0;32m  OK  [0m] Listening on /dev/initctl Compatibility Named Pipe.
[   27.821528] systemd[1]: Reached target User and Group Name Lookups.
[[0;32m  OK  [0m] Reached target User and Group Name Lookups.
[   27.827437] systemd[1]: Reached target Encrypted Volumes.
[[0;32m  OK  [0m] Reached target Encrypted Volumes.
[   27.832771] systemd[1]: Listening on LVM2 poll daemon socket.
[[0;32m  OK  [0m] Listening on LVM2 poll daemon socket.
[   27.838463] systemd[1]: Started Trigger resolvconf update for networkd DNS.
[[0;32m  OK  [0m] Started Trigger resolvconf update for networkd DNS.
[   27.844138] systemd[1]: Listening on Journal Socket.
[[0;32m  OK  [0m] Listening on Journal Socket.
[   27.849188] systemd[1]: Listening on udev Control Socket.
[[0;32m  OK  [0m] Listening on udev Control Socket.
[   27.857588] systemd[1]: Created slice System Slice.
[[0;32m  OK  [0m] Created slice System Slice.
[   27.922937] systemd[1]: Starting Load Kernel Modules...
         Starting Load Kernel Modules...
[   27.927584] systemd[1]: Starting Remount Root and Kernel File Systems...
         Starting Remount Root and Kernel File Systems...
[   27.940412] systemd[1]: Mounting Huge Pages File System...
         Mounting Huge Pages File System...
[   27.945669] systemd[1]: Starting Set console keymap...
         Starting Set console keymap...
[   27.949806] systemd[1]: Mounting Debug File System...
         Mounting Debug File System...
[   27.953761] systemd[1]: Reached target Slices.
[[0;32m  OK  [0m] Reached target Slices.
[   27.958034] systemd[1]: Starting Uncomplicated firewall...
         Starting Uncomplicated firewall...
[   27.964005] systemd[1]: Starting Create list of required static device nodes for the current kernel...
         Starting Create list of required st... nodes for the current kernel...
[   28.018459] systemd[1]: Starting Nameserver information manager...
         Starting Nameserver information manager...
[   28.250800] systemd[1]: Mounting POSIX Message Queue File System...
         Mounting POSIX M[   28.422987] Loading iSCSI transport class v2.0-870.
essage Queue Fil[   28.433325] EXT4-fs (sda1): re-mounted. Opts: (null)
e System...
[   28.583180] systemd[1]: Created slice system-serial\x2dgetty.slice.
[[0;32m  OK  [0m] Created slice system-serial\x2dgetty.slice.
[   28.595925] systemd[1]: Created slice system-postgresql.slice.
[[0;32m  OK  [0m] Created slice system-postgresql.slice.
[   28.619254] systemd[1]: Starting Monitoring of LVM2 mirrors, snapshots etc. using dmeventd or progress polling...
         Starting Monitoring of LVM2 mirrors... dmeventd or progress polling...
[   28.935097] systemd[1]: Starting Journal Service...
         [   28.960419] iscsi: registered transport (tcp)
Starting Journal Service...
[   29.099109] systemd[1]: Mounted POSIX Message Queue File System.
[[0;32m  OK  [0m] Mounted POSIX Message Queue File System.
[   29.186311] systemd[1]: Mounted Huge Pages File System.
[[0;32m  OK  [0m] Mounted Huge Pages File System.
[   29.225140] systemd[1]: Mounted Debug File System.
[[0;32m  OK  [0m] Mounted Debug File System.
[   29.247974] systemd[1]: Started Remount Root and Kernel File Systems.
[[0;32m  OK  [0m] Started Remount Root and Kernel File Systems.
[   29.307520] systemd[1]: Started Set console keymap.
[[0;32m  OK  [0m] Started Set console keymap.
[   29.431345] systemd[1]: Started Uncomplicated firewall.
[[0;32m  OK  [0m] Started Uncomplicated firewall.
[   29.539346] iscsi: registered transport (iser)
[   29.547015] systemd[1]: Started Create list of required static device nodes for the current kernel.
[[0;32m  OK  [0m] Started Create list of required sta...ce nodes for the current kernel.
[   29.635302] systemd[1]: Started Load Kernel Modules.
[[0;32m  OK  [0m] Started Load Kernel Modules.
[   29.748550] systemd[1]: Started Journal Service.
[[0;32m  OK  [0m] Started Journal Service.
[[0;32m  OK  [0m] Started Nameserver information manager.
[[0;32m  OK  [0m] Started LVM2 metadata daemon.
         Mounting FUSE Control File System...
         Starting Apply Kernel Variables...
         Starting Create Static Device Nodes in /dev...
         Starting Flush Journal to Persistent Storage...
         Starting udev Coldplug all Devices...
         Starting Load/Save Random Seed...
[[0;32m  OK  [0m] Mounted FUSE Control File System.
[   30.093368] systemd-journald[412]: Received request to flush runtime journal from PID 1
[[0;32m  OK  [0m] Started Load/Save Random Seed.
[[0;32m  OK  [0m] Started Apply Kernel Variables.
[[0;32m  OK  [0m] Started Flush Journal to Persistent Storage.
[[0;32m  OK  [0m] Started Monitoring of LVM2 mirrors,...ng dmeventd or progress polling.
[[0;32m  OK  [0m] Started Create Static Device Nodes in /dev.
[[0;32m  OK  [0m] Started udev Coldplug all Devices.
         Starting udev Kernel Device Manager...
[[0;32m  OK  [0m] Reached target Local File Systems (Pre).
         Mounting Mount unit for core, revision 9066...
[[0;32m  OK  [0m] Reached target Local File Systems.
         Starting Initial cloud-init job (pre-networking)...
         Starting Tell Plymouth To Write Out Runtime Data...
         Starting Create Volatile Files and Directories...
         Starting Set console font and keymap...
         Starting LSB: AppArmor initialization...
         Mounting Mount unit for heroku, revision 3907...
         Mounting Mount unit for heroku, revision 3929...
[[0;32m  OK  [0m] Mounted Mount unit for core, revision 9066.
[[0;32m  OK  [0m] Started udev Kernel Device Manager.
[[0;32m  OK  [0m] Started Tell Plymouth To Write Out Runtime Data.
[[0;32m  OK  [0m] Started Dispatch Password Requests to Console Directory Watch.
[[0;32m  OK  [0m] Found device /dev/ttyS0.
[[0;32m  OK  [0m] Mounted Mount unit for heroku, revision 3929.
[[0;32m  OK  [0m] Started Create Volatile Files and Directories.
         Starting Update UTMP about System Boot/Shutdown...
[[0;32m  OK  [0m] Mounted Mount unit for heroku, revision 3907.
[[0;32m  OK  [0m] Listening on Load/Save RF Kill Switch Status /dev/rfkill Watch.
[[0;32m  OK  [0m] Started Update UTMP about System Boot/Shutdown.
[[0;32m  OK  [0m] Found device 82540EM Gigabit Ethern...r (PRO/1000 MT Desktop Adapter).
[[0;32m  OK  [0m] Found device 82540EM Gigabit Ethern...r (PRO/1000 MT Desktop Adapter).
[[0;32m  OK  [0m] Started Set console font and keymap.
[[0;32m  OK  [0m] Created slice system-getty.slice.
[[0;32m  OK  [0m] Started LSB: AppArmor initialization.
[   32.610010] cloud-init[481]: Cloud-init v. 19.4-33-gbb4131a2-0ubuntu1~16.04.1 running 'init-local' at Sat, 30 May 2020 04:04:40 +0000. Up 31.90 seconds.
[[0;32m  OK  [0m] Started Initial cloud-init job (pre-networking).
[[0;32m  OK  [0m] Reached target Network (Pre).
[[0;32m  OK  [0m] Started ifup for enp0s8.
         Starting Raise network interfaces...
[[0;32m  OK  [0m] Started ifup for enp0s3.
[[0;32m  OK  [0m] Started Raise network interfaces.
         Starting Initial cloud-init job (metadata service crawler)...
[[0;32m  OK  [0m] Reached target Network.
[   34.286560] cloud-init[1128]: Cloud-init v. 19.4-33-gbb4131a2-0ubuntu1~16.04.1 running 'init' at Sat, 30 May 2020 04:04:42 +0000. Up 33.71 seconds.
[[0;32m  OK  [0m] Started Initial cloud-init job (metadata service crawler).
[[0;32m  OK  [0m] Reached target System Initialization.
[   34.375109] cloud-init[1128]: ci-info: ++++++++++++++++++++++++++++++++++++++Net device info+++++++++++++++++++++++++++++++++++++++
[   34.576614] cloud-init[1128]: ci-info: +--------+------+-----------------------------+---------------+--------+-------------------+
[   34.696373] cloud-init[1128]: ci-info: | Device |  Up  |           Address           |      Mask     | Scope  |     Hw-Address    |
[   34.768408] cloud-init[1128]: ci-info: +--------+------+-----------------------------+---------------+--------+-------------------+
[   34.840630] cloud-init[1128]: ci-info: | enp0s3 | True |          10.0.2.15          | 255.255.255.0 | global | 02:0a:da:58:a4:e2 |
[[0;32m  OK  [0m] Started ACPI Events Check.
[[0;32m  OK  [0m] Reached target Paths.
         Starting Socket activation for snappy daemon.
[   34.920039] cloud-init[1128]: ci-info: | enp0s3 | True |  fe80::a:daff:fe58:a4e2/64  |       .       |  link  | 02:0a:da:58:a4:e2 |
[   35.088619]          cloud-initStarting LXD - unix socket.[1128]: 
ci-info: | enp0s8 | True |        192.168.33.10        | 255.255.255.0 | global | 08:00:27:9b:38:8b |
[   35.176368] [cloud-init[0;32m  OK  [0m[1128]: ] ci-info: | enp0s8 | True | fe80::a00:27ff:fe9b:388b/64 |       .       |  link  | 08:00:27:9b:38:8b |Listening on D-Bus System Message Bus Socket.

[   35.177059] cloud-init[1128]: ci-info: |   lo   | True |          127.0.0.1          |   255.0.0.0   |  host  |         .         |
[   35.340575] cloud-init[1128]: ci-info: |   lo   | True |           ::1/128           |       .       |  host  |         .         |
[   35.393159] [cloud-init[0;32m  OK  [0m[1128]: ] ci-info: +--------+------+-----------------------------+---------------+--------+-------------------+Started Message of the Day.

[[0;32m  OK  [0m] Started Daily Cleanup of Temporary Directories.
[[0;32m  OK  [0m] Listening on UUID daemon activation socket.
[   35.393956] cloud-init[1128]: ci-info: ++++++++++++++++++++++++++++Route IPv4 info++++++++++++++++++++++++++++
[   35.732798] [cloud-init[0;32m  OK  [0m[1128]: ] ci-info: +-------+--------------+----------+---------------+-----------+-------+Listening on ACPID Listen Socket.

[[0;32m  OK  [0m] Started Daily apt download activities.
[[0;32m  OK  [0m] Started Daily apt upgrade and clean activities.
[   35.733568] cloud-init[1128]: ci-info: | Route | Destination  | Gateway  |    Genmask    | Interface | Flags |
[[0;32m  OK  [0m] Reached target Timers.
[   35.834253] [cloud-init[0;32m  OK  [0m[1128]: ] ci-info: +-------+--------------+----------+---------------+-----------+-------+Reached target Cloud-config availability.

[[0;32m  OK  [0m] Reached target Network is Online.
[   36.001947] cloud-init[1128]: ci-info: |   0   |   0.0.0.0    | 10.0.2.2 |    0.0.0.0    |   enp0s3  |   UG  |
[   36.210814]          Starting iSCSI initiator daemon (iscsid)...
[[0;32m  OK  [0m] Listening on Socket activation for snappy daemon.
cloud-init[1128]: ci-info: |   1   |   10.0.2.0   | 0.0.0.0  | 255.255.255.0 |   enp0s3  |   U   |
[   36.388379] [cloud-init[0;32m  OK  [0m[1128]: ] ci-info: |   2   | 192.168.33.0 | 0.0.0.0  | 255.255.255.0 |   enp0s8  |   U   |Listening on LXD - unix socket.

[   36.389201] cloud-init[1128]: ci-info: +-------+--------------+----------+---------------+-----------+-------+
[   36.572859] [cloud-init[0;32m  OK  [0m[1128]: ] ci-info: +++++++++++++++++++Route IPv6 info+++++++++++++++++++Reached target Sockets.

[[0;32m  OK  [0m] Reached target Basic System.
[   36.573745] cloud-init[1128]: ci-info: +-------+-------------+---------+-----------+-------+
         Starting vboxadd.service...
[   36.721466] cloud-init[1128]: ci-info: | Route | Destination | Gateway | Interface | Flags |
[   36.782773] [cloud-init[0;32m  OK  [0m[1128]: ] ci-info: +-------+-------------+---------+-----------+-------+Started Deferred execution scheduler.

         Starting OpenBSD Secure Shell server...
[   36.880945] cloud-init[1128]: ci-info: |   0   |  fe80::/64  |    ::   |   enp0s8  |   U   |
[   36.915125] cloud-init[1128]: ci-info: |   1   |  fe80::/64  |    ::   |   enp0s3  |   U   |
[   36.918356] cloud-init[1128]: ci-info: |   4   |   ff00::/8  |    ::   |   enp0s8  |   U   |
[   36.922669] [[0;32m  OK  [0m] Started D-Bus System Message Bus.
cloud-init[1128]: ci-info: |   5   |   ff00::/8  |    ::   |   enp0s3  |   U   |
[   36.929195] cloud-init[1128]: ci-info: +-------+-------------+---------+-----------+-------+
         Starting LSB: Record successful boot for GRUB...
         Starting Accounts Service...
         Starting /etc/rc.local Compatibility...
         Starting LXD - container startup/shutdown...
[[0;32m  OK  [0m] Started Regular background program processing daemon.
         Starting PostgreSQL Cluster 9.5-main...
[[0;32m  OK  [0m] Started FUSE filesystem for LXC.
         Starting Login Service...
         Starting LSB: MD monitoring daemon...
         Starting Snappy daemon...
[[0;32m  OK  [0m] Started ACPI event daemon.
         Starting System Logging Service...
[[0;32m  OK  [0m] Started iSCSI initiator daemon (iscsid).
[[0;32m  OK  [0m] Started vboxadd.service.
[[0;32m  OK  [0m] Started /etc/rc.local Compatibility.
[[0;32m  OK  [0m] Started OpenBSD Secure Shell server.
[[0;32m  OK  [0m] Started Login Service.
[[0;32m  OK  [0m] Started Unattended Upgrades Shutdown.
         Starting vboxadd-service.service...
         Starting Login to default iSCSI targets...
[[0;32m  OK  [0m] Started LSB: MD monitoring daemon.
[[0;32m  OK  [0m] Started System Logging Service.
[[0;32m  OK  [0m] Started LSB: Record successful boot for GRUB.
[[0;32m  OK  [0m] Started Login to default iSCSI targets.
[[0;32m  OK  [0m] Reached target Remote File Systems (Pre).
[[0;32m  OK  [0m] Reached target Remote File Systems.
         Starting Permit User Sessions...
         Starting LSB: Start/stop sysstat's sadc...
         Starting LSB: automatic crash report generation...
         Starting LSB: Set the CPU Frequency Scaling governor to "ondemand"...
         Starting LSB: daemon to balance interrupts for SMP systems...
[[0;32m  OK  [0m] Started Permit User Sessions.
[[0;1;31mFAILED[0m] Failed to start vboxadd-service.service.
See 'systemctl status vboxadd-service.service' for details.
         Starting Terminate Plymouth Boot Screen...
         Starting Hold until boot process finishes up...
[[0;32m  OK  [0m] Started LSB: Set the CPU Frequency Scaling governor to "ondemand".
[[0;32m  OK  [0m] Started Terminate Plymouth Boot Screen.
[[0;32m  OK  [0m] Started Hold until boot process finishes up.
[[0;32m  OK  [0m] Started Serial Getty on ttyS0.
         Starting Set console scheme...
[[0;32m  OK  [0m] Started Getty on tty1.
[[0;32m  OK  [0m] Reached target Login Prompts.
[[0;32m  OK  [0m] Started LSB: Start/stop sysstat's sadc.
[[0;32m  OK  [0m] Started LSB: daemon to balance interrupts for SMP systems.
[[0;32m  OK  [0m] Started Set console scheme.
[[0;32m  OK  [0m] Started LSB: automatic crash report generation.
[[0;32m  OK  [0m] Created slice User Slice of vagrant.
         Starting User Manager for UID 1000...
         Starting Authenticate and Authorize Users to Run Privileged Tasks...
[[0;32m  OK  [0m] Started Session 1 of user vagrant.
[[0;32m  OK  [0m] Started User Manager for UID 1000.
[[0;32m  OK  [0m] Started Authenticate and Authorize Users to Run Privileged Tasks.
[[0;32m  OK  [0m] Started Accounts Service.
[[0;32m  OK  [0m] Started LXD - container startup/shutdown.
[[0;32m  OK  [0m] Started Snappy daemon.
         Starting Wait until snapd is fully seeded...
[[0;32m  OK  [0m] Started Wait until snapd is fully seeded.
         Starting Apply the settings specified in cloud-config...
[   43.853737] cloud-init[1592]: Cloud-init v. 19.4-33-gbb4131a2-0ubuntu1~16.04.1 running 'modules:config' at Sat, 30 May 2020 04:04:52 +0000. Up 43.69 seconds.

Ubuntu 16.04.6 LTS ubuntu-xenial ttyS0

ubuntu-xenial login: [   46.594294] cloud-init[2103]: Cloud-init v. 19.4-33-gbb4131a2-0ubuntu1~16.04.1 running 'modules:final' at Sat, 30 May 2020 04:04:54 +0000. Up 46.39 seconds.
[   46.594538] cloud-init[2103]: Cloud-init v. 19.4-33-gbb4131a2-0ubuntu1~16.04.1 finished at Sat, 30 May 2020 04:04:55 +0000. Datasource DataSourceNoCloud [seed=/dev/sdb][dsmode=net].  Up 46.58 seconds
