<<<<<<< HEAD
[   .000] nitialin cgrp ubsys uset
[  00000] nitiizing cgroup subsys cpu
[  0.000000] Initializing cgroup subsys cpuacct
[    0.000000] Linux version 4.4.0-178-generic (buildd@lgw01-amd64-017) (gcc version 5.4.0 20160609 (Ubuntu 5.4.0-6ubuntu1~16.04.12) ) #208-Ubuntu SMP Sun Apr 5 23:45:10 UTC 2020 (Ubuntu 4.4.0-178.208-generic 4.4.217)
[    0.000000] Command line: BOOT_IMAGE=/boot/vmlinuz-4.4.0-178-generic root=UUID=3ec9c697-57a3-436c-b96d-029b3a1fefd5 ro console=tty1 console=ttyS0
=======
[  0.000] Iniaizig roup subsys pust
[    0.000000] Initializing cgroup subsys cpu
[    0.000000] Initializing cgroup subsys cpuacct
[    0.000000] Linux version 4.4.0-179-generic (buildd@lcy01-amd64-014) (gcc version 5.4.0 20160609 (Ubuntu 5.4.0-6ubuntu1~16.04.12) ) #209-Ubuntu SMP Fri Apr 24 17:48:44 UTC 2020 (Ubuntu 4.4.0-179.209-generic 4.4.219)
[    0.000000] Command line: BOOT_IMAGE=/boot/vmlinuz-4.4.0-179-generic root=UUID=3ec9c697-57a3-436c-b96d-029b3a1fefd5 ro console=tty1 console=ttyS0
>>>>>>> cc7551747d2d20d8a432945c4fd2185bb14cb089
[    0.000000] KERNEL supported cpus:
[    0.000000]   Intel GenuineIntel
[    0.000000]   AMD AuthenticAMD
[    0.000000]   Centaur CentaurHauls
<<<<<<< HEAD
[    0.000000] x86/fpu: xstate_offst[:  5, statsies]: 256[    00000 x6/fpu:SuortingSAVEeaure 01 'x87 oatingoint risers'
[   .00000 x6/fpu:Supoting XVE feaure 0x02: 'SSE registers'
=======
[    0.000000] x86/fpu: xstate_offset[2]:  576, xstate_sizes[2]:  256
[    0.000000] x86/fpu: Supporting XSAVE feature 0x01: 'x87 floating point registers'
[    0.000000] x86/fpu: Supporting XSAVE feature 0x02: 'SSE registers'
>>>>>>> cc7551747d2d20d8a432945c4fd2185bb14cb089
[    0.000000] x86/fpu: Supporting XSAVE feature 0x04: 'AVX registers'
[    0.000000] x86/fpu: Enabled xstate features 0x7, context size is 832 bytes, using 'standard' format.
[    0.000000] e820: BIOS-provided physical RAM map:
[    0.000000] BIOS-e820: [mem 0x0000000000000000-0x000000000009fbff] usable
[    0.000000] BIOS-e820: [mem 0x000000000009fc00-0x000000000009ffff] reserved
[    0.000000] BIOS-e820: [mem 0x00000000000f0000-0x00000000000fffff] reserved
[    0.000000] BIOS-e820: [mem 0x0000000000100000-0x000000003ffeffff] usable
[    0.000000] BIOS-e820: [mem 0x000000003fff0000-0x000000003fffffff] ACPI data
[    0.000000] BIOS-e820: [mem 0x00000000fec00000-0x00000000fec00fff] reserved
[    0.000000] BIOS-e820: [mem 0x00000000fee00000-0x00000000fee00fff] reserved
[    0.000000] BIOS-e820: [mem 0x00000000fffc0000-0x00000000ffffffff] reserved
[    0.000000] NX (Execute Disable) protection: active
[    0.000000] SMBIOS 2.5 present.
[    0.000000] Hypervisor detected: KVM
[    0.000000] e820: last_pfn = 0x3fff0 max_arch_pfn = 0x400000000
[    0.000000] MTRR: Disabled
[    0.000000] x86/PAT: MTRRs disabled, skipping PAT initialization too.
[    0.000000] CPU MTRRs all blank - virtualized system.
<<<<<<< HEAD
[    0.000000] x86/PAT: Configuration [0-7]: WB  WT  UCC- UC  WB  WT C- UC  
[    0.000000] found SMP MP-table at [mem 0x0009fff0-0x0009ffff] mapped at [ffff880000ff0][    0.0000] Scanng 1 aasfolo memory coruptn
[  .0000]RAMDK:[memx31c80-0370dff]
[   .00000ACI: Erl tab cecks verification disabled
[    0.00000] API: RSDP 0x00000000000E0000 000024 (2 BOX 
[   .000] CPI:XSDT0x000003FF03 000C v01 OX  VBXSDT 00001 A  0006)
[   .0000]ACPIFAP 0x00000FF0F0 00F4 (v04 VBOX   VBOXFACP 00000001 ASL  00000061)
[    0.000000] ACPI: DSDT 0x000000003FFF0470 0021FF (v02 VBOX   VBOXBIOS 00000002 INTL 20100528)
[   0000000] ACPI: FACS 0x000000003FFF0200 00004
   0.000] ACI: FCS 0000000FF02 00040[   .00000] ACPI: APIC 0x000000003FFF0240 00005C (v02 VBOX   VBOXAPIC 00000001 ASL  00000061)
[  00000] CPI:SD 0x00000FF2A0 0001CC (v01 VBOX   VBOXCPUT 00000002 INTL 20100528)
[  00000] o NUMAonfigutin fod
[  0.000000] Faking a node at [mem 0x0000000000000000-0x000000003ffeffff][   0.00000]OD_DATA( alocad mem 03feb00-0ffffff]    0.000] k-clockUsng mrs4b5601an4b64d0
[   0.000] kvmlok: cpu, msr 3fe31, primary cpu clock
[  0.000000] kvm-cloc uing scd fft f 3962584 cls    00000]locksoue:kvm-clock:ma: 0xfffffffffffffff max_cycles: 0x1cd42e4dffb, max_idle_ns: 881590591483 ns
[  0.0000] Zonrange
    0.0000]   DMA      [mem 0x0000000000001000-0x0000000000ffffff]
   0000000]   DMA32    [mem 0x0000000001000000-0x000000003ffeffff]
=======
[    0.000000] x86/PAT: Configuration [0-7]: WB  WT  UC- UC  WB  WT  UC- UC  
[    0.000000] found SMP MP-table at [mem 0x0009fff0-0x0009ffff] mapped at [ffff88000009fff0]
[    0.000000] Scanning 1 areas for lo memy orruption
[  0000000 RDISK: [m 0x36100-0x370ff]
[    0.000000] ACPI: Early table checksum verification disabled
[  0000000ACI: RP x00000000000 0004 v02 VBOX  )
[  00000] CPI: XT x0000003FF00 0003C (v01 VBOX   VBOXXSDT 00000001 ASL  00000061)
[  0000000] ACPI: ACP 0x000000003FFF00F0 0000F4 (v04 VBOX   VBOXFACP 00000001 ASL  00000061)
[    0.000000] ACPI: DSDT 0x000000003FF0470 0021FF (v02 VBOX   VBOXBIOS 00000002 INTL 20100528)
[    0.000] ACPI: FACS 0x000000003FFF0200 000040
[    0.000000] ACPI: FACS 0x000000003FFF0200 000040
[    0.000000] ACPI: APIC 0x000000003FFF0240 00005C (v02 VBOX   VBOXAPIC 00000001 ASL  00000061)
[    0.000000] ACPI: SSDT 0x000000003FFF02A0 0001CC (v01 VBOX   VBOXCPU000000INL 200528)    0.000000] No NUMA configuration found
[  0000000Faking a node at [mem 0x0000000000000000-0x000000003ffeffff]
[  0000000] NODE_DATA(0) allocated [mem 0x3ffeb000-0x3ffeffff]
[  000000 km-clk:Using rs4b564d01 and 4b564d00
[  0000000] kvm-clock: cpu 0, msr 0:3ffe3001, primary cpu clock
[  00000] vm-clckusing sched offset of 4197463214 cycles
[  00000] lockurce: kvm-clock: mask: 0xffffffffffffff max_cycles: 0x1cd42e4dffb, max_idle_ns: 881590591483 ns
[    0.000000] Zone ranges:
[    0.000000]   DMA      [mem 0x0000000000001000-0x0000000000ffffff]
[    0.000000]   DMA32    [mem 0x0000000001000000-0x000000003ffeffff]
>>>>>>> cc7551747d2d20d8a432945c4fd2185bb14cb089
[    0.000000]   Normal   empty
[    0.000000]   Device   empty
[    0.000000] Movable zone start for each node
[    0.000000] Early memory node ranges
[    0.000000]   node   0: [mem 0x0000000000001000-0x000000000009efff]
[    0.000000]   node   0: [mem 0x0000000000100000-0x000000003ffeffff]
[    0.000000] Initmem setup node 0 [mem 0x0000000000001000-0x000000003ffeffff]
<<<<<<< HEAD
    0.000000] ACPI: PM-Timer IO Port: 0x4008
=======
[    0.000000] ACPI: PM-Timer IO Port: 0x4008
>>>>>>> cc7551747d2d20d8a432945c4fd2185bb14cb089
[    0.000000] IOAPIC[0]: apic_id 2, version 32, address 0xfec00000, GSI 0-23
[    0.000000] ACPI: INT_SRC_OVR (bus 0 bus_irq 0 global_irq 2 dfl dfl)
[    0.000000] ACPI: INT_SRC_OVR (bus 0 bus_irq 9 global_irq 9 low level)
[    0.000000] Using ACPI (MADT) for SMP configuration information
<<<<<<< HEAD
[    0.000000] smpboot: Allowing 2 CPUs, 0 hotplug CPUs
[    0.000000] PM: Registered nosave memory: [mem 0x00000000-0x00000fff]
[    0.000000] PM: Registered nosave memory: [mem 0x0009f000-0x0009ffff]
[    0.000000] PM: Registered nosave memory: [mem 0x000a0000-0x000effff]
[   .0000] PM: Registered nove memory: [mem 0x000f0000-0x000fffff]
[    0.000000] e820: [mem 0x40000000-0xfebfffff] available for PCI devices
[    0.000000] Booting paravirtualized kernel on KVM
[    0.000000] clocksource: refined-jiffies: mask: 0xffffffff max_cycles: 0xffffffff, max_idle_ns: 7645519600211568 ns
[    0.000000] setup_percpu: NR_CPUS:512 nr_cpumask_bits:512 nr_cpu_ids:2 nr_node_ids:1
[    0.000000] PERCPU: Embedded 33 pages/cpu @ffff88003fc00000 s95448 r8192 d31528 u104857
[    0.000000] Built 1 zonelists in Node order, mobility grouping on.  Total pages: 257912
[    0.000000] Policy zone: DMA32
[    0.000000] Kernel command line: BOOT_IMAGE=/boot/vmlinuz-4.4.0-178-generic root=UUID=3ec9c697-57a3-436c-b96d-029b3a1fefd5 ro console=tty1 console=ttyS0
[    0.000000] PID hash table entries: 4096 (order: 3, 32768 bytes)
[    0.000000] Memory: 997112K/1048120K available (8626K kernel code, 1336K rwdata, 4036K rodata, 1488K init, 1292K bss, 51008K reserved, 0K cma-reserved)
[    0.000000] SLUB: HWalign=64, Order=0-3, MinObjects=0, CPUs=2, Nodes=1
[    0.000000] Kernel/User page tables isolation: enabled
=======
[    0.00000]smpbt:Allong2 CP,  hotlug CUs
  0.000000] PM: Registered nosave memory: [mem 0x00000000-0x00000fff]
[  00000] M: Rgieredosve mor: [m 00009000x0009ffff]
[  00000] M: Riseredosve memory: [mem 0x000a0000-0x000effff]
[  00000] PM: Regstered osave memory: [mem 0x00000-00ffff]
[  .00000e80: [emx40000-0xfffff] aiableorPCI vies
  0.0000 Booting paravirtualized kernel on KVM
[  00000] lockure: rene-jifes mask: 0xffffffff max_cycles: 0xffffffff, max_idle_ns: 7645519600211568 ns
[  0.000000] setupercpu: NR_CPUS:512 nr_cpumask_bits:512 nr_cpu_ids:2 nr_node_ids:1
[    0.000000] PERCPU: Embedded 33 pages/cpu @ffff88003fc00000 s95448 r8192 d31528 u1048576
[    0.000000] Built 1 zonelists in Node order, mobility grouping on.  Total pages: 257912
[    0.000000] Policy zone: DMA32
[    0.000000] Kernel command line: BOOT_IMAGE=/boot/vmlinuz-4.4.0-179-generic root=UUID=3ec9c697-57a3-436c-b96d-029b3a1fefd5 ro console=tty1 console=ttyS0
[    0.000000] PID hash table entries: 4096 (order: 3, 32768 bytes)
[    0.000000] Memory: 997112K/1048120K available (8630K kernel code, 1336K rwdata, 4036K rodata, 1488K init, 1292K bss, 51008K reserved, 0K cma-reserved)
[    0.000000] SLUB: HWalign=64, Order=0-3, MinObjects=0, CPUs=2, Nodes=1
[    0.000000] Kernel/User page tables isolation:  enabled
>>>>>>> cc7551747d2d20d8a432945c4fd2185bb14cb089
[    0.000000] Hierarchical RCU implementation.
[    0.000000] 	Build-time adjustment of leaf fanout to 64.
[    0.000000] 	RCU restricting CPUs from NR_CPUS=512 to nr_cpu_ids=2.
[    0.000000] RCU: Adjusting geometry for rcu_fanout_leaf=64, nr_cpu_ids=2
[    0.000000] NR_IRQS:33024 nr_irqs:440 16
[    0.000000] Console: colour VGA+ 80x25
[    0.000000] console [tty1] enabled
[    0.000000] console [ttyS0] enabled
<<<<<<< HEAD
[    0.000000] tsc: Detected 2591.998 MHz processor
[    7.247341] Calibrating delay loop (skipped) prset value.. 5183.99 BogoMIPS (lpj=10367992)
[    7.271793] pid_max: default: 32768 minimum: 301
[    7.273392] ACPI: Core revision 20150930
[    7.277257] ACPI: 2 ACPI AML tables successfully acquired and loaded
[    7.279116] Security Framework initialized
[    7.280322] Yama: becoming mindful.
[    7.281434] AppArmor: AppArmor initialized
[    7.282683] Dentry cache hash table entries: 131072 (order: 8, 1048576 bytes)
[    7.285520] Inode-cache hash table entries: 65536 (order: 7, 524288 bytes)

[    7.287664] Mount-cache hash table entries: 2048 (order: 2, 16384 bytes)
[    7.289520] Mountpoint-cache hash table entries: 2048 (order: 2, 16384 bytes)
[    7.291820] Initializing cgroup subsys io
[    7.293319] Initializing cgroup subsys memory
[    7.294931] Initializing cgroup subsys devices
[    7.296353] Initializing cgroup subsys freezer
[    7.297790] Initializing cgroup subsys net_cls
[    7.299223] Initializing cgroup subsys perf_event
[    7.300738] Initializing cgroup subsys net_prio
[    7.302181] Initializing cgroup subsys hugetlb
[    7.303847] Initializing cgroup subsys pids
[    7.306776] mce: CPU supports 0 MCE banks
[    7.308263] Last level iTLB entries: 4KB 64, 2MB 8, 4MB 8
[    7.309975] Last level dTLB entries: 4KB 64, 2MB 0, 4MB 0, 1GB 4
[    7.311816] Spectre V1 : Mitigation: usercopy/swapgs barriers and __user pointer sanitization
[    7.314327] Spectre V2 : Mitigation: Full generic retpoline
[    7.316137] Spectre V2 : Spectre v2 / SpectreRSB mitigation: Filling RSB on context switch
[    7.318871] Speculative Store Bypass: Vulnerable
[    7.320367] MDS: Vulnerable: Clear CPU buffers attempted, no microcode
[    7.325067] Freeing SMP alternatives memory: 36K
[    7.333251] ftrace: allocating 32308 entries in 127 pages
[    7.407026] smpboot: APIC(0) Converting physical 0 to logical package 0
[    7.455175] smpboot: Max logical packages: 1
[    7.474716] x2apic enabled
[    7.483009] Switched APIC routing to physical x2apic.
[    7.494134] ..TIMER: vector=0x30 apic1=0 pin1=2 apic2=-1 pin2=-1
[   7.617701] smpboot: CPU0: Intel(R) Core(TM) i7-6700HQ CPU @ 2.60GHz (family: 0x6, model: 0x5e, stepping: 0x3)
[    7.997194] Performance Events: unsupported p6 CPU model 94 no PMU driver, software events only.
[    8.186345] KVM setup paravirtual spinlock
[    8.211354] x86: Booting SMP configuration:
[    8.213138] .... node  #0, CPUs:      #1
[    8.214750] kvm-clock: cpu 1, msr 0:3ffe3041, secondary cpu clock
[    8.218166] mce: CPU supports 0 MCE banks
[    8.221305] x86: Booted up 1 node, 2 CPUs
[    8.251452] smpboot: Total of 2 processors activated (10367.99 BogoMIPS)
[    8.254002] devtmpfs: initialized
[    8.257662] evm: security.selinux
[    8.259728] evm: security.SMACK64
[    8.261041] evm: security.SMACK64EXEC
[    8.262471] evm: security.SMACK64TRANSMUTE
[    8.263896] evm: security.SMACK64MMAP
[    8.270897] evm: security.ima
[    8.278461] evm: security.capability
[    8.280032] clocksource: jiffies: mask: 0xffffffff max_cycles: 0xffffffff, max_idle_ns: 7645041785100000 ns
[    8.283042] futex hash table entries: 512 (order: 3, 32768 bytes)
[    8.284848] pinctrl core: initialized pinctrl subsystem
[    8.299807] RTC time:  3:28:54, date: 05/17/20
[    8.458222] NET: Registered protocol family 16
[    8.477997] cpuidle: using governor ladder
[    8.566738] cpuidle: using governor menu
[    8.698045] PCCT header not found.
[    8.821082] ACPI: bus type PCI registered
[    8.944991] acpiphp: ACPI Hot Plug PCI Controller Driver version: 0.5
[    9.109168] PCI: Using configuration type 1 for base access
[    9.270523] ACPI: Added _OSI(Module Device)
[    9.298835] ACPI: Added _OSI(Processor Device)
[    9.316397] ACPI: Added _OSI(3.0 _SCP Extensions)
[    9.318454] ACPI: Added _OSI(Processor Aggregator Device)
[    9.330274] ACPI: Executed 1 blocks of module-level executable AML code
[    9.371304] ACPI: Interpreter enabled
[    9.372840] ACPI: (supports S0 S5)
[    9.380496] ACPI: Using IOAPIC for interrupt routing
[    9.389152] PCI: Using host bridge windows from ACPI; if necessary, use "pci=nocrs" and report a bug
[    9.570915] ACPI: PCI Root Bridge [PCI0] (domain 0000 [bus 00-ff])
[    9.796188] acpi PNP0A03:00: _OSC: OS supports [ASPM ClockPM Segments MSI]
[   10.031439] acpi PNP0A03:00: _OSC: not requesting OS control; OS requires [ExtendedConfig ASPM ClockPM MSI]
[   10.346127] acpi PNP0A03:00: fail to add MMCONFIG information, can't access extended PCI configuration space under this bridge.
[   10.402587] PCI host bridge to bus 0000:00
[   10.404543] pci_bus 0000:00: root bus resource [io  0x0000-0x0cf7 window]
[   10.408850] pci_bus 0000:00: root bus resource [io  0x0d00-0xffff window]
[   10.412630] pci_bus 0000:00: root bus resource [mem 0x000a0000-0x000bffff window]
[   10.416922] pci_bus 0000:00: root bus resource [mem 0x40000000-0xfdffffff window]
[   10.422014] pci_bus 0000:00: root bus resource [bus 00-ff]
[   10.432870] pci 0000:00:01.1: legacy IDE quirk: reg 0x10: [io  0x01f0-0x01f7]
[   10.435081] pci 0000:00:01.1: legacy IDE quirk: reg 0x14: [io  0x03f6]
[   10.463384] pci 0000:00:01.1: legacy IDE quirk: reg 0x18: [io  0x0170-0x0177]
[   10.468576] pci 0000:00:01.1: legacy IDE quirk: reg 0x1c: [io  0x0376]
[   10.503490] pci 0000:00:07.0: quirk: [io  0x4000-0x403f] claimed by PIIX4 ACPI
[   10.581858] pci 0000:00:07.0: quirk: [io  0x4100-0x410f] claimed by PIIX4 SMB
[   10.811375] ACPI: PCI Interrupt Link [LNKA] (IRQs 5 9 10 *11)
[   10.893348] ACPI: PCI Interrupt Link [LNKB] (IRQs 5 9 *10 11)
[   11.080720] ACPI: PCI Interrupt Link [LNKC] (IRQs 5 *9 10 11)
[   11.234945] ACPI: PCI Interrupt Link [LNKD] (IRQs 5 9 10 *11)
[   11.267004] ACPI: Enabled 2 GPEs in block 00 to 07
[   11.423244] vgaarb: setting as boot device: PCI:0000:00:02.0
[   11.485897] vgaarb: device added: PCI:0000:00:02.0,decodes=io+mem,owns=io+mem,locks=none
[   11.489440] vgaarb: loaded
[   11.490759] vgaarb: bridge control possible 0000:00:02.0
[   11.493429] SCSI subsystem initialized
[   11.495299] ACPI: bus type USB registered
[   11.497067] usbcore: registered new interface driver usbfs
[   11.499294] usbcore: registered new interface driver hub
[   11.501429] usbcore: registered new device driver usb
[   11.507686] PCI: Using ACPI for IRQ routing
[   11.509997] NetLabel: Initializing
[   11.511109] NetLabel:  domain hash size = 128
[   11.526662] NetLabel:  protocols = UNLABELED CIPSOv4
[   11.530856] NetLabel:  unlabeled traffic allowed by default
[   11.540705] amd_nb: Cannot enumerate AMD northbridges
[   11.551515] clocksource: Switched to clocksource kvm-clock
[   11.568458] AppArmor: AppArmor Filesystem Enabled
[   11.570246] pnp: PnP ACPI init
[   11.573220] pnp: PnP ACPI: found 3 devices
[   1.588391] clocksource: acpi_pm: mask: 0xffffff max_cycles: 0xffffff, max_idle_ns: 20801024 ns
[   11.693129] NET: Registered protocol family 2

[   11.694482] TCP established hash table entries: 8192 (order: 4, 65536 bytes)
[   11.696369] TCP bind hash table entries: 8192 (order: 5, 131072 bytes)
[   11.697988] TCP: Hash tables configured (established 8192 bind 8192)
[   11.699695] UDP hash table entries: 512 (order: 2, 16384 bytes)
[   11.701167] UDP-Lite hash table entries: 512 (order: 2, 16384 bytes)
[   11.702876] NET: Registered protocol family 1
[   11.704180] pci 0000:00:00.0: Limiting direct PCI/PCI transfers
[   11.705718] pci 0000:00:01.0: Activating ISA DMA hang workarounds
[   11.707381] Unpacking initramfs...
[   11.919928] Freeing initrd memory: 15440K
[   12.036178] clocksource: tsc: mask: 0xffffffffffffffff max_cycles: 0x255cb518234, max_idle_ns: 440795279333 ns
[   12.287507] platform rtc_cmos: registered platform RTC device (no PNP device found)
[   12.330477] Scanning for low memory corruption every 60 seconds
[   12.497666] audit: initializing netlink subsys (disabled)
[   12.594931] audit: type=2000 audit(1589686133.070:1): initialized
[   12.646520] Initialise system trusted keyring
[   12.652753] HugeTLB registered 2 MB page size, pre-allocated 0 pages
[   12.677207] zbud: loaded
[   12.696232] VFS: Disk quotas dquot_6.6.0
[   12.700670] VFS: Dquot-cache hash table entries: 512 (order 0, 4096 bytes)
[   12.706466] squashfs: version 4.0 (2009/01/31) Phillip Lougher
[   12.708852] fuse init (API version 7.23)
[   12.710475] Key type big_key registered
[   12.719656] Allocating IMA MOK and blacklist keyrings.
[   12.723332] Key type asymmetric registered
[   12.724772] Asymmetric key parser 'x509' registered
[   12.726125] Block layer SCSI generic (bsg) driver version 0.4 loaded (major 249)
[   12.728469] io scheduler noop registered
[   12.861657] io scheduler deadline registered (default)
[   12.888897] io scheduler cfq registered
[   13.019130] pci_hotplug: PCI Hot Plug PCI Core version: 0.5
[   13.14440pcehp: PCI Express Hot Plug Controller Driver version: 0.4
[   13.436261] ACPI: AC Adapter [AC] (on-line)
[   13.567564] input: Power Button as /devices/LNXSYSTM:00/LNXPWRBN:00/input/input0
[   13.752202] ACPI: Power Button [PWRF]
[   13.772575] input: Sleep Button as /devices/LNXSYSTM:00/LNXSLPBN:00/input/input1
[   13.781489] ACPI: Sleep Button [SLPF]
[   13.809671] GHES: HEST is not enabled!
[   13.810990] ACPI: Battery Slot [BAT0] (battery present)
[   13.813357] Serial: 8250/16550 driver, 32 ports, IRQ sharing enabled
[  18315 00:2:tt0  I 0x3f8ir= 4 be_ud= 52)  a 165A
[  4.70] Linuagar iterfe v003
[   15.399083] loop: module loaded
[   15.495782] scsi host0: ata_piix
[   15.576285] scsi host1: ata_piix
[ 15.697] ta PTA m UDMA/33 cmd 0x1f0 ctl 0x3f6 bmdma 0xd000 irq 14
[   16.028751] ata2: PATA max UDMA/33 cmd 0x170 ctl 0x376 bmdma 0xd008 irq 15
[   16.032720] libphy: Fixed MDIO Bus: probed
[   16.034424] tun: Universal TUN/TAP device driver, 1.6
[   16.043357] tun: (C) 1999-2004 Max Krasnyansky <maxk@qualcomm.com>
[ 160461] PPener dveveio2.2
[   16.648545] ehci_hcd: USB 2.0 'Enhanced' Host Controller (EHCI) Driver
[   16.787533] ehci-pci: EHCI PCI platform driver
[   16.805091] ehci-platform: EHCI generic platform driver
[   16.813449] ohci_hcd: USB 1.1 'Open' Host Controller (OHCI) Driver
[   16.997158] ohci-pci: OHCI PCI platform driver
[   17.069256] ohci-platform: OHCI generic platform driver
[   17.075768] uhci_hcd: USB Universal Host Controller Interface driver
[   17.078743] i8042: PNP: PS/2 Controller [PNP0303:PS2K,PNP0f03:PS2M] at 0x60,0x64 irq 1,12
[   17.089959] serio: i8042 KBD port at 0x60,0x64 irq 1
[   17.091753] serio: i8042 AUX port at 0x60,0x64 irq 12
[   17.093680] mousedev: PS/2 mouse device common for all mice
[   17.096004] input: AT Translated Set 2 keyboard as /devices/platform/i8042/serio0/input/input2
[   17.099424] rtc_cmos rtc_cmos: rtc core: registered rtc_cmos as rtc0
[   17.101617] rtc_cmos rtc_cmos: alarms up to one day, 114 bytes nvram
[   17.103722] i2c /dev entries driver
[   17.121696] device-mapper: uevent: version 1.0.3
[   17.136369] device-mapper: ioctl: 4.34.0-ioctl (2015-10-28) initialised: dm-devel@redhat.com
[   17.150617] ledtrig-cpu: registered to indicate activity on CPUs
[   17.200073] NET: Registered protocol family 10
[   17.316940] NET: Registered protocol family 17
[   17.441157] Key type dns_resolver registered
[   17.580995] registered taskstats version 1
[   17.706570] Loading compiled-in X.509 certificates
[   17.872167] Loaded X.509 cert 'Build time autogenerated kernel key: f33c437cc9123d9712070bdfe932b55b24c56047'
[   18.084573] zswap: loaded using pool lzo/zbud
[   18.171767] Key type trusted registered
[   18.189188] Key type encrypted registered
[   18.202848] AppArmor: AppArmor sha1 policy hashing enabled
[   18.212290] ima: No TPM chip found, activating TPM-bypass!
[   18.228047] ima: Allocated hash algorithm: sha1
[   18.229738] evm: HMAC attrs: 0x1
[   18.231433]   Magic number: 4:512:462
[   18.232879] rtc_cmos rtc_cmos: setting system clock to 2020-05-17 03:29:04 UTC (1589686144)
[   18.236029] BIOS EDD facility v0.16 2004-Jun-25, 0 devices found
[   18.241913] EDD information not available.
[   18.245319] Freeing unused kernel memory: 1488K
[   18.352165] Write protecting the kernel read-only data: 14336k
[   18.549503] Freeing unused kernel memory: 1604K
[   19.223845] Freeing unused kernel memory: 60K
Loading, please wait...
[   20.254071] random: systemd-udevd: uninitialized urandom read (16 bytes read, 7 bits of entropy available)
starting version[   20.254726] random: udevadm: uninitialized urandom read (16 bytes read, 7 bits of entropy available)
 229
[   20.254741] random: udevadm: uninitialized urandom read (16 bytes read, 7 bits of entropy available)
[   20.264088] random: udevadm: uninitialized urandom read (16 bytes read, 7 bits of entropy available)
[   20.264147] random: udevadm: uninitialized urandom read (16 bytes read, 7 bits of entropy available)
[   20.264283] random: udevadm: uninitialized urandom read (16 bytes read, 7 bits of entropy available)
[   20.264331] random: udevadm: uninitialized urandom read (16 bytes read, 7 bits of entropy available)
[   20.264381] random: udevadm: uninitialized urandom read (16 bytes read, 7 bits of entropy available)
[   20.264429] random: udevadm: uninitialized urandom read (16 bytes read, 7 bits of entropy available)
[   20.264474] random: udevadm: uninitialized urandom read (16 bytes read, 7 bits of entropy available)
[   21.116726] e1000: Intel(R) PRO/1000 Network Driver - version 7.3.21-k8-NAPI
[   21.158504] e1000: Copyright (c) 1999-2006 Intel Corporation.
[   21.242225] AVX2 version of gcm_enc/dec engaged.
[   21.243120] Fusion MPT base driver 3.04.20
[   21.243121] Copyright (c) 1999-2008 LSI Corporation
[   21.310305] AES CTR mode by8 optimization enabled
[   21.317854] Fusion MPT SPI Host driver 3.04.20
[   21.436917] input: ImExPS/2 Generic Explorer Mouse as /devices/platform/i8042/serio1/input/input4
[   21.727767] e1000 0000:00:03.0 eth0: (PCI:33MHz:32-bit) 02:0a:da:58:a4:e2
[   21.788369] e1000 0000:00:03.0 eth0: Intel(R) PRO/1000 Network Connection
[   21.947817] mptbase: ioc0: Initiating bringup
[   22.198867] ioc0: LSI53C1030 A0: Capabilities={Initiator}
[   23.991548] scsi host2: ioc0: LSI53C1030 A0, FwRev=00000000h, Ports=1, MaxQ=256, IRQ=20
[   26.295488] scsi 2:0:0:0: Direct-Access     VBOX     HARDDISK         1.0  PQ: 0 ANSI: 5
[   27.896446] scsi target2:0:0: Beginning Domain Validation
[   27.918215] scsi target2:0:0: Domain Validation skipping write tests
[   28.000812] scsi target2:0:0: Ending Domain Validation
[   28.033674] scsi target2:0:0: asynchronous
[   28.075705] scsi 2:0:1:0: Direct-Access     VBOX     HARDDISK         1.0  PQ: 0 ANSI: 5
[   28.078505] scsi target2:0:1: Beginning Domain Validation
[   28.082853] scsi target2:0:1: Domain Validation skipping write tests
[   28.087684] scsi target2:0:1: Ending Domain Validation
[   28.090646] scsi target2:0:1: asynchronous
[   28.118301] sd 2:0:0:0: Attached scsi generic sg0 type 0
[   28.144219] sd 2:0:0:0: [sda] 20971520 512-byte logical blocks: (10.7 GB/10.0 GiB)
[   28.154200] sd 2:0:0:0: [sda] Write Protect is off
[   28.156071] sd 2:0:0:0: [sda] Incomplete mode parameter data
[   28.157842] sd 2:0:0:0: [sda] Assuming drive cache: write through
[   28.160330] sd 2:0:1:0: [sdb] 20480 512-byte logical blocks: (10.5 MB/10.0 MiB)
[   28.163125] sd 2:0:1:0: [sdb] Write Protect is off
[   28.165485] sd 2:0:1:0: [sdb] Incomplete mode parameter data
[   28.180688] sd 2:0:1:0: [sdb] Assuming drive cache: write through
[   28.184182] sd 2:0:1:0: Attached scsi generic sg1 type 0
[   28.229144]  sda: sda1
[   28.266077] sd 2:0:0:0: [sda] Attached SCSI disk
[   28.332367] sd 2:0:1:0: [sdb] Attached SCSI disk
[   28.401966] e1000 0000:00:08.0 eth1: (PCI:33MHz:32-bit) 08:00:27:9b:38:8b
[   28.418454] e1000 0000:00:08.0 eth1: Intel(R) PRO/1000 Network Connection
[   28.421834] e1000 0000:00:03.0 enp0s3: renamed from eth0
[   28.432840] e1000 0000:00:08.0 enp0s8: renamed from eth1
Begin: Loading essential drivers ... [   29.956045] md: linear personality registered for level -1
[   29.961488] md: multipath personality registered for level -4
[   29.966884] md: raid0 personality registered for level 0
[   29.976907] md: raid1 personality registered for level 1
[   30.064324] raid6: sse2x1   gen()  9436 MB/s
[   30.175638] raid6: sse2x1   xor()  7359 MB/s
[   30.360023] raid6: sse2x2   gen()  8789 MB/s
[   30.451887] raid6: sse2x2   xor()  7813 MB/s
[   30.600228] raid6: sse2x4   gen() 14198 MB/s
[   30.667584] raid6: sse2x4   xor()  9079 MB/s
[   30.851581] raid6: avx2x1   gen() 18840 MB/s
[   31.000257] raid6: avx2x2   gen() 21331 MB/s
[   31.151614] raid6: avx2x4   gen() 22899 MB/s
[   31.192294] raid6: using algorithm avx2x4 gen() 22899 MB/s
[   31.367902] raid6: using avx2x2 recovery algorithm
[   31.391930] xor: automatically using best checksumming function:
[   31.459766]    avx       : 21851.000 MB/sec
[   31.559715] async_tx: api initialized (async)
[   31.699776] md: raid6 personality registered for level 6
[   31.781092] md: raid5 personality registered for level 5
[   31.817860] md: raid4 personality registered for level 4
[   31.864431] md: raid10 personality registered for level 10
done.
Begin: Running /scripts/init-premount ... done.
Begin: Mounting root file system ... Begin: Running /scripts/local-top ..[   32.021715] Btrfs loaded
. done.
Begin: Running /scripts/local-premount ... Scanning for Btrfs filesystems
done.
Warning: fsck not present, so skipping root file system
[   32.188057] EXT4-fs (sda1): mounted filesystem with ordered data mode. Opts: (null)
done.
Begin: Running /scripts/local-bottom ... done.
Begin: Running /scripts/init-bottom ... done.
[   34.493758] random: nonblocking pool is initialized
[   35.009432] systemd[1]: systemd 229 running in system mode. (+PAM +AUDIT +SELINUX +IMA +APPARMOR +SMACK +SYSVINIT +UTMP +LIBCRYPTSETUP +GCRYPT +GNUTLS +ACL +XZ -LZ4 +SECCOMP +BLKID +ELFUTILS +KMOD -IDN)
[   35.046597] systemd[1]: Detected virtualization oracle.
[   35.068359] systemd[1]: Detected architecture x86-64.

Welcome to [1mUbuntu 16.04.6 LTS[0m!

[   35.295545] systemd[1]: Set hostname to <ubuntu-xenial>.
[   36.477934] systemd[1]: [/etc/systemd/system/snap-heroku-3929.mount:10] Unknown lvalue 'LazyUnmount' in section 'Mount'
[   36.536531] systemd[1]: [/etc/systemd/system/snap-heroku-3907.mount:10] Unknown lvalue 'LazyUnmount' in section 'Mount'
[   36.764938] systemd[1]: [/etc/systemd/system/snap-core-9066.mount:10] Unknown lvalue 'LazyUnmount' in section 'Mount'
[   36.968846] systemd[1]: Listening on LVM2 poll daemon socket.
[[0;32m  OK  [0m] Listening on LVM2 poll daemon socket.
[   37.020050] systemd[1]: Started Forward Password Requests to Wall Directory Watch.
[[0;32m  OK  [0m] Started Forward Password Requests to Wall Directory Watch.
[   37.124384] systemd[1]: Reached target System Time Synchronized.
[[0;32m  OK  [0m] Reached target System Time Synchronized.
[   37.212202] systemd[1]: Listening on Journal Audit Socket.
[[0;32m  OK  [0m] Listening on Journal Audit Socket.
[   37.244379] systemd[1]: Listening on LVM2 metadata daemon socket.
[[0;32m  OK  [0m] Listening on LVM2 metadata daemon socket.
[   37.284664] systemd[1]: Listening on Journal Socket.
[[0;32m  OK  [0m] Listening on Journal Socket.
[   37.416595] systemd[1]: Created slice System Slice.
[[0;32m  OK  [0m] Created slice System Slice.
[   37.477119] systemd[1]: Created slice system-serial\x2dgetty.slice.
[[0;32m  OK  [0m] Created slice system-serial\x2dgetty.slice.
[   37.595579] systemd[1]: Mounting POSIX Message Queue File System...
         Mounting POSIX Message Queue File System...
[   37.660370] systemd[1]: Created slice system-postgresql.slice.
[[0;32m  OK  [0m] Created slice system-postgresql.slice.
[   37.783931] systemd[1]: Mounting Debug File System...
         Mounting Debug File System...
[   37.932356] systemd[1]: Starting Remount Root and Kernel File Systems...
[   37.947562] EXT4-fs (sda1): re-mounted. Opts: (null)
         Starting Remount Root and Kernel File Systems...
[   38.013472] systemd[1]: Starting Nameserver information manager...
         Starting Nameserver information manager...
[   38.016961] systemd[1]: Reached target Encrypted Volumes.
[[0;32m  OK  [0m] Reached target Encrypted Volumes.
[   38.052453] systemd[1]: Starting Set console keymap...
         Starting Set console keymap...
[   38.064252] systemd[1]: Listening on Journal Socket (/dev/log).
[[0;32m  OK  [0m] Listening on Journal Socket (/dev/log).
[   38.136531] systemd[1]: Set up automount Arbitrary Executable File Formats File System Automount Point.
[[0;32m  OK  [0m] Set up automount Arbitrary Executab...ats File System Automount Point.
[   38.246917] systemd[1]: Reached target User and Group Name Lookups.
[[0;32m  OK  [0m] Reached target User and Group Name Lookups.
[   38.304373] systemd[1]: Listening on udev Control Socket.
[[0;32m  OK  [0m] Listening on udev Control Socket.
[   38.476162] systemd[1]: Starting Load Kernel Modules...
         Starting Load Kernel Modules...
[   38.651486] systemd[1]: Mounting Huge Pages File System...
         Mounting Huge Pages File System...
[   38.784461] systemd[1]: Starting Create list of required static device nodes for the current kernel...
         [   38.896314] Loading iSCSI transport class v2.0-870.
Starting Create list of required st... nodes for the current kernel...
[   38.988537] systemd[1]: Starting Uncomplicated firewall...
         Starting Uncomplicated firewall...
[   39.084202] iscsi: registered transport (tcp)
[   39.161430] systemd[1]: Reached target Swap.
[[0;32m  OK  [0m] Reached target Swap.
[   39.200827] systemd[1]: Listening on /dev/initctl Compatibility Named Pipe.
[[0;32m  OK  [0m] Listening on /dev/initctl Compatibility Named Pipe.
[   39.264719] systemd[1]: Created slice User and Session Slice.
[[0;32m  OK  [0m] Created slice User and Session Slice.
[   39.428217] systemd[1]: Reached target Slices.
[[0;32m  OK  [0m] Reached target Slices.
[   39.579921] systemd[1]: Listening on Syslog Socket.
[[0;32m  OK  [0[   39.595817] iscsi: registered transport (iser)
m] Listening on Syslog Socket.
[   39.621163] systemd[1]: Starting Journal Service...
         Starting Journal Service...
[   .740] syted[]: Litengn evereloct.

[[0;32m  OK  [0m] Listening on udev Kernel Socket.
[ 404973sytemd[1]: Started Trigger resolvconf update for networkd DNS.
[[0;32m  OK  [0m] Started Trigger resolvconf update for networkd DNS.
[   40.762999] systemd[1]: Listening on Device-mapper event daemon FIFOs.
[[0;32m  OK  [0m] Listening on Device-mapper event daemon FIFOs.
[   40.927831] systemd[1]: Starting Monitoring of LVM2 mirrors, snapshots etc. using dmeventd or progress polling...
         Starting Monitoring of LVM2 mirrors... dmeventd or progress polling...
[   41.061379] systemd[1]: Mounted POSIX Message Queue File System.
[[0;32m  OK  [0m] Mounted POSIX Message Queue File System.
[  41.2326 ste[1]: Mounted Huge Pages File System.
 [[0;32m  OK  [0m] Mounted Huge Pages File System.
[   41.501623] systemd[1]: Mounted Debug File System.
[[0;32m  OK  [0m] Mounted Debug File System.
[   41.505406] systemd[1]: Started Journal Service.
[[0;32m  OK  [0m] Started Journal Service.
[[0;32m  OK  [0m] Started Remount Root and Kernel File Systems.
[[0;32m  OK  [0m] Started Set console keymap.
[[0;32m  OK  [0m] Started Load Kernel Modules.
[[0;32m  OK  [0m] Started Create list of required sta...ce nodes for the current kernel.
[[0;32m  OK  [0m] Started Uncomplicated firewall.
[[0;32m  OK  [0m] Started LVM2 metadata daemon.
         Starting Create Static Device Nodes in /dev...
         Mounting FUSE Control File System...
         Starting Apply Kernel Variables...
         Starting Load/Save Random Seed...
         Starting udev Coldplug all Devices...
         Starting Flush Journal to Persistent Storage...
[[0;32m  OK  [0m] Mounted FUSE Control File System.
[[0;32m  OK  [0m] Started Nameserver information manager.
[[0;32m  OK  [0m] Started Apply Kernel Variables.
[[0;32m  OK  [0m] Started Load/Save Random Seed.
[[0;32m  OK  [0m] Started Create Static Device Nodes in /dev.
         Starting udev Kernel Device Manager...
[[0;32m  OK  [0m] Started Flush Journal to Persistent Storage.
[[0;32m  OK  [0m] Started Monitoring of LVM2 mirrors,...ng dmeventd or progress polling.
[[0;32m  OK  [0m] Started udev Coldplug all Devices.
[[0;32m  OK  [0m] Reached target Local File Systems (Pre).
[[0;32m  OK  [0m] Reached target Local File Systems.
         Starting Tell Plymouth To Write Out Runtime Data...
         Starting LSB: AppArmor initialization...
         Starting Set console font and keymap...
         Starting Initial cloud-init job (pre-networking)...
         Mounting Mount unit for heroku, revision 3929...
         Mounting Mount unit for heroku, revision 3907...
         Mounting Mount unit for core, revision 9066...
         Starting Create Volatile Files and Directories...
[[0;32m  OK  [0m] Mounted Mount unit for heroku, revision 3929.
[[0;32m  OK  [0m] Started Tell Plymouth To Write Out Runtime Data.
[[0;32m  OK  [0m] Mounted Mount unit for heroku, revision 3907.
[[0;32m  OK  [0m] Mounted Mount unit for core, revision 9066.
[[0;32m  OK  [0m] Started udev Kernel Device Manager.
[[0;32m  OK  [0m] Started Dispatch Password Requests to Console Directory Watch.
[[0;32m  OK  [0m] Started Create Volatile Files and Directories.
         Starting Update UTMP about System Boot/Shutdown...
[[0;32m  OK  [0m] Found device /dev/ttyS0.
[[0;32m  OK  [0m] Started Update UTMP about System Boot/Shutdown.
[[0;32m  OK  [0m] Listening on Load/Save RF Kill Switch Status /dev/rfkill Watch.
[[0;32m  OK  [0m] Started Set console font and keymap.
[[0;32m  OK  [0m] Created slice system-getty.slice.
[[0;32m  OK  [0m] Found device 82540EM Gigabit Ethern...r (PRO/1000 MT Desktop Adapter).
[[0;32m  OK  [0m] Found device 82540EM Gigabit Ethern...r (PRO/1000 MT Desktop Adapter).
[[0;32m  OK  [0m] Started LSB: AppArmor initialization.
[   38.303795] cloud-init[477]: Cloud-init v. 19.4-33-gbb4131a2-0ubuntu1~16.04.1 running 'init-local' at Sun, 17 May 2020 03:29:34 +0000. Up 37.56 seconds.
[[0;32m  OK  [0m] Started Initial cloud-init job (pre-networking).
[[0;32m  OK  [0m] Reached target Network (Pre).
[[0;32m  OK  [0m] Started ifup for enp0s8.
         Starting Raise network interfaces...
[[0;32m  OK  [0m] Started ifup for enp0s3.
[[0;32m  OK  [0m] Started Raise network interfaces.
         Starting Initial cloud-init job (metadata service crawler)...
[[0;32m  OK  [0m] Reached target Network.
[   39.924326] cloud-init[1121]: Cloud-init v. 19.4-33-gbb4131a2-0ubuntu1~16.04.1 running 'init' at Sun, 17 May 2020 03:29:36 +0000. Up 39.33 seconds.
[   40.000495] cloud-init[1121]: ci-info: ++++++++++++++++++++++++++++++++++++++Net device info+++++++++++++++++++++++++++++++++++++++
[   40.000927] cloud-init[1121]: ci-info: +--------+------+-----------------------------+---------------+--------+-------------------+
[[0;32m  OK  [0m] Started Initial cloud-init job (metadata service crawler).
[[   40.001416] cloud-init[1121]: ci-info: | Device |  Up  |           Address           |      Mask     | Scope  |     Hw-Address    |
[   40.273531] cloud-init[1121]: ci-info: +--------+------+-----------------------------+---------------+--------+-------------------+
[0;32m  OK  [0m] Reached target System Initialization.
[   40.273775] cloud-init[1121]: ci-info: | enp0s3 | True |          10.0.2.15          | 255.255.255.0 | global | 02:0a:da:58:a4:e2 |
[   40.636947] cloud-init[1121]: ci-info: | enp0s3 | True |  fe80::a:daff:fe58:a4e2/64  |       .       |  link  | 02:0a:da:58:a4:e2 |
[   40.637510] cloud-init[1121]: ci-info: | enp0s8 | True |        192.168.33.10        | 255.255.255.0 | global | 08:00:27:9b:38:8b |
[[0;32m  OK  [0m] Started ACPI Events Check.
[[   40.637823] cloud-init[1121]: ci-info: | enp0s8 | True | fe80::a00:27ff:fe9b:388b/64 |       .       |  link  | 08:00:27:9b:38:8b |
[   40.901073] cloud-init[1121]: ci-info: |   lo   | True |          127.0.0.1          |   255.0.0.0   |  host  |         .         |
[0;32m  OK  [0m] Reached target Paths.
[[   40.901338] cloud-init[1121]: ci-info: |   lo   | True |           ::1/128           |       .       |  host  |         .         |
[   41.237790] cloud-init[1121]: ci-info: +--------+------+-----------------------------+---------------+--------+-------------------+
[0;32m  OK  [0m] Started Daily Cleanup of Temporary Directories.
[   41.238033] cloud-init[1121]: ci-info: ++++++++++++++++++++++++++++Route IPv4 info++++++++++++++++++++++++++++
[   41.648920] cloud-init[1121]: ci-info: +-------+--------------+----------+---------------+-----------+-------+
[   41.649403] cloud-init[1121]: ci-info: | Route | Destination  | Gateway  |    Genmask    | Interface | Flags |
[[0;32m  OK  [0m] Started Daily apt download activities.
[   41.649731] cloud-init[1121]: ci-info: +-------+--------------+----------+---------------+-----------+-------+
[   41.902318] cloud-init[1121]: ci-info: |   0   |   0.0.0.0    | 10.0.2.2 |    0.0.0.0    |   enp0s3  |   UG  |
[[0;32m  OK  [0m] Started Daily apt upgrade and clean activities.
[   41.902639] cloud-init[1121]: ci-info: |   1   |   10.0.2.0   | 0.0.0.0  | 255.255.255.0 |   enp0s3  |   U   |
[   42.208874] cloud-init[1121]: ci-info: |   2   | 192.168.33.0 | 0.0.0.0  | 255.255.255.0 |   enp0s8  |   U   |
[[0;32m  OK  [0m] Listening on D-Bus System Message Bus Socket.
[   42.209205] cloud-init[1121]: ci-info: +-------+--------------+----------+---------------+-----------+-------+
[   42.438300] cloud-init[1121]: ci-info: +++++++++++++++++++Route IPv6 info+++++++++++++++++++
[   42.441443] cloud-init[1121]: ci-info: +-------+-------------+---------+-----------+-------+
[   42.444405] cloud-init[1121]: ci-info: | Route | Destination | Gateway | Interface | Flags |
[   42.447635] cloud-init[1121]: ci-info: +-------+-------------+---------+-----------+-------+
[   42.492496] cloud-init[1121]: ci-info: |   0   |  fe80::/64  |    ::   |   enp0s8  |   U   |
[   42.492974] cloud-init[1121]: ci-info: |   1   |  fe80::/64  |    ::   |   enp0s3  |   U   |
         Starting LXD - unix socket.
[   42.493338] cloud-init[1121]: ci-info: |   4   |   ff00::/8  |    ::   |   enp0s8  |   U   |
[   42.752261] cloud-init[1121]: ci-info: |   5   |   ff00::/8  |    ::   |   enp0s3  |   U   |
[   42.752731] cloud-init[1121]: ci-info: +-------+-------------+---------+-----------+-------+
         Starting Socket activation for snappy daemon.
[[0;32m  OK  [0m] Listening on UUID daemon activation socket.
[[0;32m  OK  [0m] Listening on ACPID Listen Socket.
[[0;32m  OK  [0m] Started Message of the Day.
[[0;32m  OK  [0m] Reached target Timers.
[[0;32m  OK  [0m] Reached target Network is Online.
         Starting iSCSI initiator daemon (iscsid)...
[[0;32m  OK  [0m] Reached target Cloud-config availability.
[[0;32m  OK  [0m] Listening on LXD - unix socket.
[[0;32m  OK  [0m] Listening on Socket activation for snappy daemon.
[[0;32m  OK  [0m] Reached target Sockets.
[[0;32m  OK  [0m] Reached target Basic System.
         Starting PostgreSQL Cluster 9.5-main...
         Starting System Logging Service...
         Starting Accounts Service...
         Starting /etc/rc.local Compatibility...
[[0;32m  OK  [0m] Started ACPI event daemon.
[[0;32m  OK  [0m] Started FUSE filesystem for LXC.
[[0;32m  OK  [0m] Started D-Bus System Message Bus.
         Starting Snappy daemon...
         Starting OpenBSD Secure Shell server...
[[0;32m  OK  [0m] Started Deferred execution scheduler.
         Starting vboxadd.service...
         Starting LSB: Record successful boot for GRUB...
         Starting LSB: MD monitoring daemon...
         Starting Login Service...
[[0;32m  OK  [0m] Started Regular background program processing daemon.
         Starting LXD - container startup/shutdown...
[[0;32m  OK  [0m] Started System Logging Service.
[[0;32m  OK  [0m] Started iSCSI initiator daemon (iscsid).
[[0;32m  OK  [0m] Started /etc/rc.local Compatibility.
[[0;32m  OK  [0m] Started Login Service.
[[0;32m  OK  [0m] Started Unattended Upgrades Shutdown.
         Starting Authenticate and Authorize Users to Run Privileged Tasks...
         Starting Login to default iSCSI targets...
[[0;32m  OK  [0m] Started LSB: MD monitoring daemon.
[[0;32m  OK  [0m] Started LSB: Record successful boot for GRUB.
[[0;32m  OK  [0m] Started Login to default iSCSI targets.
[[0;32m  OK  [0m] Reached target Remote File Systems (Pre).
[[0;32m  OK  [0m] Reached target Remote File Systems.
         Starting LSB: Set the CPU Frequency Scaling governor to "ondemand"...
         Starting LSB: daemon to balance interrupts for SMP systems...
         Starting LSB: automatic crash report generation...
         Starting Permit User Sessions...
         Starting LSB: Start/stop sysstat's sadc...
[[0;32m  OK  [0m] Started OpenBSD Secure Shell server.
[[0;32m  OK  [0m] Started Permit User Sessions.
[[0;32m  OK  [0m] Started Authenticate and Authorize Users to Run Privileged Tasks.
[[0;32m  OK  [0m] Started Accounts Service.
         Starting Terminate Plymouth Boot Screen...
         Starting Hold until boot process finishes up...
[[0;32m  OK  [0m] Started LSB: Set the CPU Frequency Scaling governor to "ondemand".
[[0;32m  OK  [0m] Started LSB: Start/stop sysstat's sadc.
[[0;32m  OK  [0m] Started Terminate Plymouth Boot Screen.
[[0;32m  OK  [0m] Started LSB: automatic crash report generation.
[[0;32m  OK  [0m] Started LSB: daemon to balance interrupts for SMP systems.
[[0;32m  OK  [0m] Started vboxadd.service.
[[0;32m  OK  [0m] Started Hold until boot process finishes up.
=======
[    0.000000] tsc: Detected 2592.000 MHz processor
[    4.755204] Calibrating delay loop (skipped) preset value.. 5184.00 BoMIPS (lpj=10368000)
[    4.856708] pid_max: default: 32768 minimum: 301
[    4.865215] ACPI: Core revision 20150930
[    4.999564] ACPI: 2 ACPI AML tables successfully acquired and loaded
[    5.165223] Security Framework initialized
[    5.195438] Yama: becoming mindful.
[    5.322043] AppArmor: AppArmor initialized
[    5.375856] Dentry cache hash table entries: 131072 (order: 8, 1048576 bytes)
[    5.437935] Inode-cache hash table entries: 65536 (order: 7, 524288 bytes)
[    5.597914] Mount-cache hash table entries: 2048 (order: 2, 16384 bytes)
[    5.606536] Mountpoint-cache hash table entries: 2048 (order: 2, 16384 bytes)
[    5.692098] Initializing cgroup subsys io
[    5.757836] Initializing cgroup subsys memory
[    5.767991] Initializing cgroup subsys devices
[    5.780537] Initializing cgroup subsys freezer
[    5.797809] Initializing cgroup subsys net_cls
[    5.815791] Initializing cgroup subsys perf_event
[    5.817310] Initializing cgroup subsys net_prio
[    5.818797] Initializing cgroup subsys hugetlb
[    5.820406] Initializing cgroup subsys pids
[    5.823167] mce: CPU supports 0 MCE banks
[    5.824577] Last level iTLB entries: 4KB 64, 2MB 8, 4MB 8
[    5.826487] Last level dTLB entries: 4KB 64, 2MB 0, 4MB 0, 1GB 4
[    5.828736] Spectre V1 : Mitigation: usercopy/swapgs barriers and __user pointer sanitization
[    5.831568] Spectre V2 : Mitigation: Full generic retpoline
[    5.833512] Spectre V2 : Spectre v2 / SpectreRSB mitigation: Filling RSB on context switch
[    5.836040] Speculative Store Bypass: Vulnerable
[    5.860414] MDS: Vulnerable: Clear CPU buffers attempted, no microcode
[    5.907464] Freeing SMP alternatives memory: 36K
[    6.008154] ftrace: allocating 32313 entries in 127 pages
[    6.145643] smpboot: APIC(0) Converting physical 0 to logical package 0
[    6.247401] smpboot: Max logical packages: 1
[    6.402017] x2apic enabled
[    6.497373] Switched APIC routing to physical x2apic.
[    6.577404] ..TIMER: vector=0x30 apic1=0 pin1=2 apic2=-1 pin2=-1
[    6.756714] smpboot: CPU0: Intel(R) Core(TM) i7-6700HQ CPU @ 2.60GHz (family: 0x6, model: 0x5e, stepping: 0x3)
[    6.866416] Performance Events: unsupported p6 CPU model 94 no PMU driver, software events only.
[    6.924114] KVM setup paravirtual spinlock
[    6.926603] x86: Booting SMP configuration:
[    6.928037] .... node  #0, CPUs:      #1
[    6.929416] kvm-clock: cpu 1, msr 0:3ffe3041, secondary cpu clock
[    6.935263] mce: CPU supports 0 MCE banks
[    6.956087] x86: Booted up 1 node, 2 CPUs
[    7.083998] smpboot: Total of 2 processors activated (10368.00 BogoMIPS)
[    7.231056] devtmpfs: initialized
[    7.260721] evm: security.selinux
[    7.333828] evm: security.SMACK64
[    7.412698] evm: security.SMACK64EXEC
[    7.420131] evm: security.SMACK64TRANSMUTE
[    7.563879] evm: security.SMACK64MMAP
[    7.685958] evm: security.ima
[    7.797142] evm: security.capability
[    7.798661] clocksource: jiffies: mask: 0xffffffff max_cycles: 0xffffffff, max_idle_ns: 7645041785100000 ns
[    7.949602] futex hash table entries: 512 (order: 3, 32768 bytes)
[    7.964582] pinctrl core: initialized pinctrl subsystem
[    7.966934] RTC time:  3:42:25, date: 05/26/20
[    7.968990] NET: Registered protocol family 16
[    7.983154] cpuidle: using governor ladder
[    8.006473] cpuidle: using governor menu
[    8.007965] PCCT header not found.
[    8.016293] ACPI: bus type PCI registered
[    8.017717] acpiphp: ACPI Hot Plug PCI Controller Driver version: 0.5
[    8.019951] PCI: Using configuration type 1 for base access
[    8.035810] ACPI: Added _OSI(Module Device)
[    8.175888] ACPI: Added _OSI(Processor Device)
[    8.225273] ACPI: Added _OSI(3.0 _SCP Extensions)
[    8.274203] ACPI: Added _OSI(Processor Aggregator Device)
[    8.406364] ACPI: Executed 1 blocks of module-level executable AML code
[    8.610394] ACPI: Interpreter enabled
[    8.730288] ACPI: (supports S0 S5)
[    8.789788] ACPI: Using IOAPIC for interrupt routing
[    8.830725] PCI: Using host bridge windows from ACPI; if necessary, use "pci=nocrs" and report a bug
[    9.053647] ACPI: PCI Root Bridge [PCI0] (domain 0000 [bus 00-ff])
[    9.069359] acpi PNP0A03:00: _OSC: OS supports [ASPM ClockPM Segments MSI]
[    9.071325] acpi PNP0A03:00: _OSC: not requesting OS control; OS requires [ExtendedConfig ASPM ClockPM MSI]
[    9.107531] acpi PNP0A03:00: fail to add MMCONFIG information, can't access extended PCI configuration space under this bridge.
[    9.111849] PCI host bridge to bus 0000:00
[    9.113265] pci_bus 0000:00: root bus resource [io  0x0000-0x0cf7 window]
[    9.115274] pci_bus 0000:00: root bus resource [io  0x0d00-0xffff window]
[    9.117550] pci_bus 0000:00: root bus resource [mem 0x000a0000-0x000bffff window]
[    9.119861] pci_bus 0000:00: root bus resource [mem 0x40000000-0xfdffffff window]
[    9.122110] pci_bus 0000:00: root bus resource [bus 00-ff]
[    9.214518] pci 0000:00:01.1: legacy IDE quirk: reg 0x10: [io  0x01f0-0x01f7]
[    9.340532] pci 0000:00:01.1: legacy IDE quirk: reg 0x14: [io  0x03f6]
[    9.499406] pci 0000:00:01.1: legacy IDE quirk: reg 0x18: [io  0x0170-0x0177]
[    9.711286] pci 0000:00:01.1: legacy IDE quirk: reg 0x1c: [io  0x0376]
[    9.961182] pci 0000:00:07.0: quirk: [io  0x4000-0x403f] claimed by PIIX4 ACPI
[   10.149426] pci 0000:00:07.0: quirk: [io  0x4100-0x410f] claimed by PIIX4 SMB
[   10.181566] ACPI: PCI Interrupt Link [LNKA] (IRQs 5 9 10 *11)
[   10.202855] ACPI: PCI Interrupt Link [LNKB] (IRQs 5 9 *10 11)
[   10.205616] ACPI: PCI Interrupt Link [LNKC] (IRQs 5 *9 10 11)
[   10.208549] ACPI: PCI Interrupt Link [LNKD] (IRQs 5 9 10 *11)
[   10.210914] ACPI: Enabled 2 GPEs in block 00 to 07
[   10.212902] vgaarb: setting as boot device: PCI:0000:00:02.0
[   10.214954] vgaarb: device added: PCI:0000:00:02.0,decodes=io+mem,owns=io+mem,locks=none
[   10.217856] vgaarb: loaded
[   10.218900] vgaarb: bridge control possible 0000:00:02.0
[   10.307712] SCSI subsystem initialized
[   10.432574] ACPI: bus type USB registered
[   10.534423] usbcore: registered new interface driver usbfs
[   10.594073] usbcore: registered new interface driver hub
[   10.757450] usbcore: registered new device driver usb
[   10.812081] PCI: Using ACPI for IRQ routing
[   10.896680] NetLabel: Initializing
[   10.942451] NetLabel:  domain hash size = 128
[   11.072641] NetLabel:  protocols = UNLABELED CIPSOv4
[   11.146455] NetLabel:  unlabeled traffic allowed by default
[   11.224990] amd_nb: Cannot enumerate AMD northbridges
[   11.227331] clocksource: Switched to clocksource kvm-clock
[   11.257039] Aprmor: AppArmor Filesystem Enabled
[   11.327987] pnp: PnP ACPI init
[   11.331103] p: PnP ACPI: found 3 devices

[   .470 closoceac_p: ma: ffffmacyle 0fff,axdlns207024s  2.0668] NE Riser potolamy 

[   13019]CPesblhed hash table entries: 8192 (order: 4, 65536 bytes)

[   13.495040] TCP bind hash table entries: 8192 (order: 5, 131072 bytes)
[   13.497335] TCP: Hash tables configured (establishe81 bd 92
[  13.45] DPastaleenri: 2 rd:  164 te)  4.30] DP-Lte hh able entri: 12orr:2,1684byes
  5.3824 NT:Restedprotoc fmi 1
[  5.04] i 00000.: mingirt I/I aner
[ 16934] pci 000:00:.0 AivinISDMha wrkouds[ 173284 Uacngniras..
[   18.141346] Freeing initrd memory: 15440K
[   18.281559] clocksource: tsc: mask: 0xffffffffffffffff max_cycles: 0x255cb6cc5db, max_idle_ns: 440795203504 ns
[   18.611835] platform rtc_cmos: registered platform RTC device (no PNP device found)
[   18.682944] Scanning for low memory corruption every 60 seconds
[   18.825938] audit: initializing netlink subsys (disabled)
[   18.946601] audit: type=2000 audit(1590464551.385:1): initialized
[   18.965421] Initialise system trusted keyring
[   18.972858] HugeTLB registered 2 MB page size, pre-allocated 0 pages
[   18.995475] zbud: loaded
[   19.001904] VFS: Disk quotas dquot_6.6.0
[   19.003391] VFS: Dquot-cache hash table entries: 512 (order 0, 4096 bytes)
[   19.009603] squashfs: version 4.0 (2009/01/31) Phillip Lougher
[   19.012087] fuse init (API version 7.23)
[   19.013648] Key type big_key regisred
[  10799AlcangMAMOanblckli kris.
[   19.768120] Key type asymmetric registered
[   19.769292] Asymmetric key parser 'x509' registered
[   19.770566] Block layer SCSI generic (bsg) driver version 0.4 loaded (major 249)
[   19.772788] io scheduler noop registered
[   19.856606] io scheduler deadline registered (default)
[   19.923079] io scheduler cfq registered
[   20.005252] pci_hotplug: PCI Hot Plug PCI Core version: 0.5
[   20.032896] pciehp: PCI Express Hot Plug Controller Driver version: 0.4
[   20.035709] ACPI: AC Adapter [AC] (on-line)
[   20.037455] input: Power Button as /devices/LNXSYSTM:00/LNXPWRBN:00/input/input0
[   20.040878] ACPI: Power Button [PWRF]
[   20.042626] input: Sleep Button as /devices/LNXSYSTM:00/LNXSLPBN:00/input/input1
[   20.045880] ACPI: Sleep Button [SLPF]
[   20.047814] GHES: HEST is not enabled!
[   20.048711] ACPI: Battery Slot [BAT0] (battery present)
[   20.051954] Serial: 8250/16550 driver, 32 ports, IRQ sharing enabled
[   20.078038] 00:02: ttyS0 at I/O 0x3f8 (irq = 4, base_baud = 115200) is a 16550A
[   20.081973] Linux agpgart interface v0.103
[   20.100488] loop: module loaded
[   20.102306] scsi host0: ata_piix
[   20.103744] scsi host1: ata_piix
[   20.111450] ata1: PATA max UDMA/33 cmd 0x1f0 ctl 0x3f6 bmdma 0xd000 irq 14
[   20.113350] ata2: PATA max UDMA/33 cmd 0x170 ctl 0x376 bmdma 0xd008 irq 15
[   20.338735] libphy: Fixed MDIO Bus: probed
[   20.421848] tun: Universal TUN/TAP device driver, 1.6
[   20.510084] tun: (C) 1999-2004 Max Krasnyansky <maxk@qualcomm.com>
[   20.545994] PPP generic driver version 2.4.2
[   20.601901] ehci_hcd: USB 2.0 'Enhanced' Host Controller (EHCI) Driver
[   20.735166] ehci-pci: EHCI PCI platform driver
[   20.827887] ehci-platform: EHCI generic platform driver
[   20.892857] ohci_hcd: USB 1.1 'Open' Host Controller (OHCI) Driver
[   21.037721] ohci-pci: OHCI PCI platform driver
[   21.084282] ohci-platform: OHCI generic platform driver
[   21.166727] uhci_hcd: USB Universal Host Controller Interface driver
[   21.178973] i8042: PNP: PS/2 Controller [PNP0303:PS2K,PNP0f03:PS2M] at 0x60,0x64 irq 1,12
[   21.182742] serio: i8042 KBD port at 0x60,0x64 irq 1
[   21.184336] serio: i8042 AUX port at 0x60,0x64 irq 12
[   21.186480] mousedev: PS/2 mouse device common for all mice
[   21.190599] rtc_cmos rtc_cmos: rtc core: registered rtc_cmos as rtc0
[   21.194632] input: AT Translated Set 2 keyboard as /devices/platform/i8042/serio0/input/input2
[   21.197911] rtc_cmos rtc_cmos: alarms up to one day, 114 bytes nvram
[   21.200107] i2c /dev entries driver
[   21.201254] device-mapper: uevent: version 1.0.3
[   21.202765] device-mapper: ioctl: 4.34.0-ioctl (2015-10-28) initialised: dm-devel@redhat.com
[   21.205347] ledtrig-cpu: registered to indicate activity on CPUs
[   21.207793] NET: Registered protocol family 10
[   21.215873] NET: Registered protocol family 17
[   21.217070] Key type dns_resolver registered
[   21.218808] registered taskstats version 1
[   21.240604] Loading compiled-in X.509 certificates
[   21.405263] Loaded X.509 cert 'Build time autogenerated kernel key: a9e5689415cbbea5b40a198600f217117afda70c'
[   1.1364] wa ladd si pollz/zud

[   22.147604] Key type trusted registered
[   22.234052] Key type encrypted registered
[   22.268742] AppArmor: AppArmor sha1 policy hashing enabled
[   22.278678] ima: No TPM chip found, activating TPM-bypass!
[   22.280626] ima: Allocated hash algorithm: sha1
[   22.282229] evm: HMAC attrs: 0x1
[   22.283879]   Magic number: 4:946:715
[   22.285628] rtc_cmos rtc_cmos: setting system clock to 2020-05-26 03:42:39 UTC (1590464559)
[   22.288906] BIOS EDD facility v0.16 2004-Jun-25, 0 devices found
[   22.291075] EDD information not available.
[   22.293863] Freeing unused kernel memory: 1488K
[   22.295315] Write protecting the kernel read-only data: 14336k
[   22.297692] Freeing unused kernel memory: 1600K
[   22.299198] Freeing unused kernel memory: 60K
Loading, please wait...
starting version[   22.314840] random: systemd-udevd: uninitialized urandom read (16 bytes read, 7 bits of entropy available)
 229
[   22.315074] random: udevadm: uninitialized urandom read (16 bytes read, 7 bits of entropy available)
[   22.315088] random: udevadm: uninitialized urandom read (16 bytes read, 7 bits of entropy available)
[   22.322856] random: udevadm: uninitialized urandom read (16 bytes read, 7 bits of entropy available)
[   22.322892] random: udevadm: uninitialized urandom read (16 bytes read, 7 bits of entropy available)
[   22.323018] random: udevadm: uninitialized urandom read (16 bytes read, 7 bits of entropy available)
[   22.323067] random: udevadm: uninitialized urandom read (16 bytes read, 7 bits of entropy available)
[   22.323113] random: udevadm: uninitialized urandom read (16 bytes read, 7 bits of entropy available)
[   22.323157] random: udevadm: uninitialized urandom read (16 bytes read, 7 bits of entropy available)
[   22.323203] random: udevadm: uninitialized urandom read (16 bytes read, 7 bits of entropy available)
[   23.430524] e1000: Intel(R) PRO/1000 Network Driver - version 7.3.21-k8-NAPI
[   23.663165] e1000: Copyright (c) 1999-2006 Intel Corporation.
[   23.861325] Fusion MPT base driver 3.04.20
[   23.974371] Copyright (c) 1999-2008 LSI Corporation
[   24.026456] AVX2 version of gcm_enc/dec engaged.
[   24.083757] AES CTR mode by8 optimization enabled
[   24.117759] Fusion MPT SPI Host driver 3.04.20
[   24.295300] input: ImExPS/2 Generic Explorer Mouse as /devices/platform/i8042/serio1/input/input4
[   24.610271] e1000 0000:00:03.0 eth0: (PCI:33MHz:32-bit) 02:0a:da:58:a4:e2
[   24.792480] e1000 0000:00:03.0 eth0: Intel(R) PRO/1000 Network Connection
[   24.952557] mptbase: ioc0: Initiating bringup
[   25.028373] ioc0: LSI53C1030 A0: Capabilities={Initiator}
[   25.364160] scsi host2: ioc0: LSI53C1030 A0, FwRev=00000000h, Ports=1, MaxQ=256, IRQ=20
[   25.645291] scsi 2:0:0:0: Direct-Access     VBOX     HARDDISK         1.0  PQ: 0 ANSI: 5
[   27.064769] scsi target2:0:0: Beginning Domain Validation
[   28.371244] scsi target2:0:0: Domain Validation skipping write tests
[   28.392972] scsi target2:0:0: Ending Domain Validation
[   28.419207] scsi target2:0:0: asynchronous
[   28.475266] scsi 2:0:1:0: Direct-Access     VBOX     HARDDISK         1.0  PQ: 0 ANSI: 5
[   28.495184] scsi target2:0:1: Beginning Domain Validation
[   28.498872] scsi target2:0:1: Domain Validation skipping write tests
[   28.500550] scsi target2:0:1: Ending Domain Validation
[   28.502087] scsi target2:0:1: asynchronous
[   28.512209] sd 2:0:0:0: Attached scsi generic sg0 type 0
[   28.529441] sd 2:0:0:0: [sda] 20971520 512-byte logical blocks: (10.7 GB/10.0 GiB)
[   28.593156] sd 2:0:1:0: Attached scsi generic sg1 type 0
[   28.597920] sd 2:0:1:0: [sdb] 20480 512-byte logical blocks: (10.5 MB/10.0 MiB)
[   28.607284] sd 2:0:1:0: [sdb] Write Protect is off
[   28.612196] sd 2:0:1:0: [sdb] Incomplete mode parameter data
[   28.612197] sd 2:0:1:0: [sdb] Assuming drive cache: write through
[   28.641033] sd 2:0:0:0: [sda] Write Protect is off
[   28.645937] sd 2:0:0:0: [sda] Incomplete mode parameter data
[   28.645938] sd 2:0:0:0: [sda] Assuming drive cache: write through
[   28.733589]  sda: sda1
[   28.734587] sd 2:0:0:0: [sda] Attached SCSI disk
[   28.734848] e1000 0000:00:08.0 eth1: (PCI:33MHz:32-bit) 08:00:27:9b:38:8b
[   28.734851] e1000 0000:00:08.0 eth1: Intel(R) PRO/1000 Network Connection
[   28.763783] sd 2:0:1:0: [sdb] Attached SCSI disk
[   28.764204] e1000 0000:00:03.0 enp0s3: renamed from eth0
[   28.808499] e1000 0000:00:08.0 enp0s8: renamed from eth1
Begin: Loading e[   30.312453] md: linear personality registered for level -1
ssential drivers[   30.367997] md: multipath personality registered for level -4
 ... [   30.378702] md: raid0 personality registered for level 0
[   30.538076] md: raid1 personality registered for level 1
[   30.619413] raid6: sse2x1   gen() 10920 MB/s
[   30.787433] raid6: sse2x1   xor()  8404 MB/s
[   30.887668] raid6: sse2x2   gen() 13963 MB/s
[   30.979600] raid6: sse2x2   xor()  8697 MB/s
[   31.079864] raid6: sse2x4   gen() 12830 MB/s
[   31.267772] raid6: sse2x4   xor() 10508 MB/s
[   31.335653] raid6: avx2x1   gen() 22528 MB/s
[   31.531795] raid6: avx2x2   gen() 25832 MB/s
[   31.711389] raid6: avx2x4   gen() 27907 MB/s
[   31.817905] raid6: using algorithm avx2x4 gen() 27907 MB/s
[   31.942791] raid6: using avx2x2 recovery algorithm
[   31.955470] xor: automatically using best checksumming function:
[   32.127550]    avx       : 18505.000 MB/sec
[   32.142174] async_tx: api initialized (async)
[   32.154946] md: raid6 personality registered for level 6
[   32.156470] md: raid5 personality registered for level 5
[   32.158219] md: raid4 personality registered for level 4
[   32.242968] md: raid10 personality registered for level 10
done.
Begin: Running /scripts/init-premount ... done.
Begin: Mounting root file system ... Begin: Run[   32.445764] Btrfs loaded
ning /scripts/local-top ... done.
Begin: Running /scripts/local-premount ... Scanning for Btrfs filesystems
done.
Warning: fsck not present, so skipping root file system
[   32.624324] EXT4-fs (sda1): mounted filesystem with ordered data mode. Opts: (null)
done.
Begin: Running /scripts/local-bottom ... done.
Begin: Running /scripts/init-bottom ... done.
[   35.125135] random: nonblocking pool is initialized
[   35.579388] systemd[1]: systemd 229 running in system mode. (+PAM +AUDIT +SELINUX +IMA +APPARMOR +SMACK +SYSVINIT +UTMP +LIBCRYPTSETUP +GCRYPT +GNUTLS +ACL +XZ -LZ4 +SECCOMP +BLKID +ELFUTILS +KMOD -IDN)
[   35.887993] systemd[1]: Detected virtualization oracle.
[   35.956837] systemd[1]: Detected architecture x86-64.

Welcome to [1mUbuntu 16.04.6 LTS[0m!

[   36.120542] systemd[1]: Set hostname to <ubuntu-xenial>.
[   37.269927] systemd[1]: [/etc/systemd/system/snap-heroku-3929.mount:10] Unknown lvalue 'LazyUnmount' in section 'Mount'
[   37.472369] systemd[1]: [/etc/systemd/system/snap-heroku-3907.mount:10] Unknown lvalue 'LazyUnmount' in section 'Mount'
[   37.612066] systemd[1]: [/etc/systemd/system/snap-core-9066.mount:10] Unknown lvalue 'LazyUnmount' in section 'Mount'
[   37.671326] systemd[1]: Listening on LVM2 poll daemon socket.
[[0;32m  OK  [0m] Listening on LVM2 poll daemon socket.
[   37.819704] systemd[1]: Reached target System Time Synchronized.
[[0;32m  OK  [0m] Reached target System Time Synchronized.
[   37.852056] systemd[1]: Listening on udev Kernel Socket.
[[0;32m  OK  [0m] Listening on udev Kernel Socket.
[   37.966758] systemd[1]: Set up automount Arbitrary Executable File Formats File System Automount Point.
[[0;32m  OK  [0m] Set up automount Arbitrary Executab...ats File System Automount Point.
[   37.971945] systemd[1]: Created slice System Slice.
[[0;32m  OK  [0m] Created slice System Slice.
[   37.975012] systemd[1]: Created slice system-postgresql.slice.
[[0;32m  OK  [0m] Created slice system-postgresql.slice.
[   37.978157] systemd[1]: Reached target Encrypted Volumes.
[[0;32m  OK  [0m] Reached target Encrypted Volumes.
[   37.999779] systemd[1]: Listening on Syslog Socket.
[[0;32m  OK  [0m] Listening on Syslog Socket.
[   38.002936] systemd[1]: Reached target User and Group Name Lookups.
[[0;32m  OK  [0m] Reached target User and Group Name Lookups.
[   38.007058] systemd[1]: Created slice User and Session Slice.
[[0;32m  OK  [0m] Created slice User and Session Slice.
[   38.010570] systemd[1]: Reached target Slices.
[[0;32m  OK  [0m] Reached target Slices.
[   38.013576] systemd[1]: Listening on udev Control Socket.
[[0;32m  OK  [0m] Listening on udev Control Socket.
[   38.016998] systemd[1]: Reached target Swap.
[[0;32m  OK  [0m] Reached target Swap.
[   38.031950] systemd[1]: Created slice system-serial\x2dgetty.slice.
[[0;32m  OK  [0m] Created slice system-serial\x2dgetty.slice.
[   38.213654] systemd[1]: Listening on Journal Socket.
[[0;32m  OK  [0m] Listening on Journal Socket.
[   38.236366] systemd[1]: Starting Remount Root and Kernel File Systems...
         Starting Remount Root and Kernel File Systems...
[   38.279002] systemd[1]: Starting Uncomplicated firewall...
         Starting Uncomplicated firewall...
[   38.282641] systemd[1]: Mounting Debug File System...
         Mounting Debug File System...
[   38.286089] systemd[1]: Starting Nameserver information manager...
         Starting Nameserver information manager...
[   38.291387] systemd[1]: Mounting POSIX Message Queue File System...
         Mounting POSIX Message Queue File System...
[   38.303140] systemd[1]: Mounting Huge Pages File System...
         Mounting Huge Pages File System...
[   38.375671] systemd[1]: Starting Load Kernel Modules...
[   38.415965] EXT4-fs (sda1): re-mounted. Opts: (null)
[   .403 Ladig iSCSI transport class v2.0-8.
         Starting Load Kernel Modules...
[   38.812086] systemd[1]: Listening on Journal Audit Socket.
[[0;32m  OK  [0m] Listening on Journal Audit S[   38.878397] iscsi: registered transport (tcp)
ocket.
[   39.616213] systemd[1]: Starting Create list of required static device nodes for the current kernel...
         Starting Create list of required st... nodes for the current kernel...
[   39.740140] systemd[1]: Listening on /dev/initctl Compatibility Named Pipe.
[[0;32m  OK  [0m] Listening on /dev/initctl Compatibility Named Pipe.
[   39.747278] systemd[1]: Started Forward Password Requests to Wall Directory Watch.
[[0;32m  OK  [0m] Started Forward Password Requests to Wall Directory Watch.
[   39.759937] systemd[1]: Listening on LVM2 metadata daemon socket.
[   39.784453] iscsi: registered transport (iser)
[[0;32m  OK  [0m] Listening on LVM2 metadata daemon socket.
[   39.816237] systemd[1]: Started Trigger resolvconf update for networkd DNS.
[[0;32m  OK  [0m] Started Trigger resolvconf update for networkd DNS.
[   40.031768] systemd[1]: Listening on Journal Socket (/dev/log).
[[0;32m  OK  [0m] Listening on Journal Socket (/dev/log).
[   40.047450] systemd[1]: Starting Set console keymap...
         Starting Set console keymap...
[   40.135726] systemd[1]: Listening on Device-mapper event daemon FIFOs.
[[0;32m  OK  [0m] Listening on Device-mapper event daemon FIFOs.
[   40.139803] systemd[1]: Starting Monitoring of LVM2 mirrors, snapshots etc. using dmeventd or progress polling...
         Starting Monitoring of LVM2 mirrors... dmeventd or progress polling...
[   40.145581] systemd[1]: Starting Journal Service...
         Starting Journal Service...
[   40.157675] systemd[1]: Mounted POSIX Message Queue File System.
[[0;32m  OK  [0m] Mounted POSIX Message Queue File System.
[   40.167508] systemd[1]: Mounted Huge Pages File System.
[[0;32m  OK  [0m] Mounted Huge Pages File System.
[   40.245878] systemd[1]: Mounted Debug File System.
[[0;32m  OK  [0m] Mounted Debug File System.
[   40.313373] systemd[1]: Started Remount Root and Kernel File Systems.
[[0;32m  OK  [0m] Started Remount Root and Kernel File Systems.
[   40.468808] systemd[1]: Started Uncomplicated firewall.
[[0;32m  OK  [0m] Started Uncomplicated firewall.
[   40.636608] systemd[1]: Started Load Kernel Modules.
[[0;32m  OK  [0m] Started Load Kernel Modules.
[   40.690620] systemd[1]: Started Create list of required static device nodes for the current kernel.
[[0;32m  OK  [0m] Started Create list of required sta...ce nodes for the current kernel.
[   40.695601] systemd[1]: Started Set console keymap.
[[0;32m  OK  [0m] Started Set console keymap.
[   40.698739] systemd[1]: Started Nameserver information manager.
[[0;32m  OK  [0m] Started Nameserver information manager.
[   40.703932] systemd[1]: Started Journal Service.
[[0;32m  OK  [0m] Started Journal Service.
[[0;32m  OK  [0m] Started LVM2 metadata daemon.
         Starting Create Static Device Nodes in /dev...
         Starting Apply Kernel Variables...
         Mounting FUSE Control File System...
         Starting Load/Save Random Seed...
         Starting Flush Journal to Persistent Storage...
         Starting udev Coldplug all Devices...
[[0;32m  OK  [0m] Mounted FUSE Control File System.
[[0;32m  OK  [0m] Started Monitoring of LVM2 mirrors,...ng dmeventd or progress polling.
[[0;32m  OK  [0m] Started Apply Kernel Variables.
[[0;32m  OK  [0m] Started Create Static Device Nodes in /dev.
[[0;32m  OK  [0m] Started Load/Save Random Seed.
         Starting udev Kernel Device Manager...
[[0;32m  OK  [0m] Reached target Local File Systems (Pre).
         Mounting Mount unit for heroku, revision 3907...
         Mounting Mount unit for core, revision 9066...
         Mounting Mount unit for heroku, revision 3929...
[[0;32m  OK  [0m] Reached target Local File Systems.
         Starting Tell Plymouth To Write Out Runtime Data...
         Starting LSB: AppArmor initialization...
         Starting Initial cloud-init job (pre-networking)...
         Starting Set console font and keymap...
[[0;32m  OK  [0m] Mounted Mount unit for heroku, revision 3929.
[[0;32m  OK  [0m] Mounted Mount unit for heroku, revision 3907.
[[0;32m  OK  [0m] Mounted Mount unit for core, revision 9066.
[[0;32m  OK  [0m] Started udev Kernel Device Manager.
[[0;32m  OK  [0m] Started udev Coldplug all Devices.
[[0;32m  OK  [0m] Started Tell Plymouth To Write Out Runtime Data.
[[0;32m  OK  [0m] Started Dispatch Password Requests to Console Directory Watch.
[[0;32m  OK  [0m] Started Flush Journal to Persistent Storage.
         Starting Create Volatile Files and Directories...
[[0;32m  OK  [0m] Found device /dev/ttyS0.
[[0;32m  OK  [0m] Listening on Load/Save RF Kill Switch Status /dev/rfkill Watch.
[[0;32m  OK  [0m] Started Create Volatile Files and Directories.
         Starting Update UTMP about System Boot/Shutdown...
[[0;32m  OK  [0m] Found device 82540EM Gigabit Ethern...r (PRO/1000 MT Desktop Adapter).
[[0;32m  OK  [0m] Started Update UTMP about System Boot/Shutdown.
[[0;32m  OK  [0m] Found device 82540EM Gigabit Ethern...r (PRO/1000 MT Desktop Adapter).
[[0;32m  OK  [0m] Started Set console font and keymap.
[[0;32m  OK  [0m] Created slice system-getty.slice.
[[0;32m  OK  [0m] Started LSB: AppArmor initialization.
[   37.818461] cloud-init[497]: Cloud-init v. 19.4-33-gbb4131a2-0ubuntu1~16.04.1 running 'init-local' at Tue, 26 May 2020 03:43:04 +0000. Up 37.04 seconds.
[[0;32m  OK  [0m] Started Initial cloud-init job (pre-networking).
[[0;32m  OK  [0m] Reached target Network (Pre).
[[0;32m  OK  [0m] Started ifup for enp0s8.
[[0;32m  OK  [0m] Started ifup for enp0s3.
         Starting Raise network interfaces...
[[0;32m  OK  [0m] Started Raise network interfaces.
[[0;32m  OK  [0m] Reached target Network.
         Starting Initial cloud-init job (metadata service crawler)...
[   39.851820] cloud-init[1135]: Cloud-init v. 19.4-33-gbb4131a2-0ubuntu1~16.04.1 running 'init' at Tue, 26 May 2020 03:43:06 +0000. Up 39.18 seconds.
[   39.900726] cloud-init[1135]: ci-info: ++++++++++++++++++++++++++++++++++++++Net device info+++++++++++++++++++++++++++++++++++++++
[   39.901216] cloud-init[1135]: ci-info: +--------+------+-----------------------------+---------------+--------+-------------------+
[[0;32m  OK  [0m] Started Initial cloud-init job (metadata service crawler).
[[   39.901669] cloud-init[1135]: ci-info: | Device |  Up  |           Address           |      Mask     | Scope  |     Hw-Address    |
[   40.157347] cloud-init[1135]: ci-info: +--------+------+-----------------------------+---------------+--------+-------------------+
[   40.157653] cloud-init[1135]: ci-info: | enp0s3 | True |          10.0.2.15          | 255.255.255.0 | global | 02:0a:da:58:a4:e2 |
[   40.157988] cloud-init[1135]: ci-info: | enp0s3 | True |  fe80::a:daff:fe58:a4e2/64  |       .       |  link  | 02:0a:da:58:a4:e2 |
[   40.158424] cloud-init[1135]: ci-info: | enp0s8 | True |        192.168.33.10        | 255.255.255.0 | global | 08:00:27:9b:38:8b |
[   40.158700] cloud-init[1135]: ci-info: | enp0s8 | True | fe80::a00:27ff:fe9b:388b/64 |       .       |  link  | 08:00:27:9b:38:8b |
[   40.159031] cloud-init[1135]: ci-info: |   lo   | True |          127.0.0.1          |   255.0.0.0   |  host  |         .         |
[   40.159341] cloud-init[1135]: ci-info: |   lo   | True |           ::1/128           |       .       |  host  |         .         |
[   40.159726] cloud-init[1135]: ci-info: +--------+------+-----------------------------+---------------+--------+-------------------+
[   40.160488] cloud-init[1135]: ci-info: ++++++++++++++++++++++++++++Route IPv4 info++++++++++++++++++++++++++++
[   40.160897] cloud-init[1135]: ci-info: +-------+--------------+----------+---------------+-----------+-------+
[   40.161207] cloud-init[1135]: ci-info: | Route | Destination  | Gateway  |    Genmask    | Interface | Flags |
[   40.161653] cloud-init[1135]: ci-info: +-------+--------------+----------+---------------+-----------+-------+
[   40.162054] cloud-init[1135]: ci-info: |   0   |   0.0.0.0    | 10.0.2.2 |    0.0.0.0    |   enp0s3  |   UG  |
[   40.162368] cloud-init[1135]: ci-info: |   1   |   10.0.2.0   | 0.0.0.0  | 255.255.255.0 |   enp0s3  |   U   |
[   40.162706] cloud-init[1135]: ci-info: |   2   | 192.168.33.0 | 0.0.0.0  | 255.255.255.0 |   enp0s8  |   U   |
[   40.163045] cloud-init[1135]: ci-info: +-------+--------------+----------+---------------+-----------+-------+
[   40.163353] cloud-init[1135]: ci-info: +++++++++++++++++++Route IPv6 info+++++++++++++++++++
[   40.163699] cloud-init[1135]: ci-info: +-------+-------------+---------+-----------+-------+
[   40.164093] cloud-init[1135]: ci-info: | Route | Destination | Gateway | Interface | Flags |
[   40.164443] cloud-init[1135]: ci-info: +-------+-------------+---------+-----------+-------+
[   40.164770] cloud-init[1135]: ci-info: |   0   |  fe80::/64  |    ::   |   enp0s8  |   U   |
[   40.165121] cloud-init[1135]: ci-info: |   1   |  fe80::/64  |    ::   |   enp0s3  |   U   |
[   40.165450] cloud-init[1135]: ci-info: |   5   |   ff00::/8  |    ::   |   enp0s8  |   U   |
[   40.165860] cloud-init[1135]: ci-info: |   6   |   ff00::/8  |    ::   |   enp0s3  |   U   |
[   40.166155] cloud-init[1135]: ci-info: +-------+-------------+---------+-----------+-------+
[0;32m  OK  [0m] Reached target Network is Online.
         Starting iSCSI initiator daemon (iscsid)...
[[0;32m  OK  [0m] Reached target Cloud-config availability.
[[0;32m  OK  [0m] Reached target System Initialization.
[[0;32m  OK  [0m] Listening on D-Bus System Message Bus Socket.
[[0;32m  OK  [0m] Started Daily apt download activities.
[[0;32m  OK  [0m] Started Daily apt upgrade and clean activities.
         Starting Socket activation for snappy daemon.
[[0;32m  OK  [0m] Listening on ACPID Listen Socket.
[[0;32m  OK  [0m] Started Daily Cleanup of Temporary Directories.
         Starting LXD - unix socket.
[[0;32m  OK  [0m] Listening on UUID daemon activation socket.
[[0;32m  OK  [0m] Started ACPI Events Check.
[[0;32m  OK  [0m] Reached target Paths.
[[0;32m  OK  [0m] Started Message of the Day.
[[0;32m  OK  [0m] Reached target Timers.
[[0;32m  OK  [0m] Listening on Socket activation for snappy daemon.
[[0;32m  OK  [0m] Listening on LXD - unix socket.
[[0;32m  OK  [0m] Started iSCSI initiator daemon (iscsid).
         Starting Login to default iSCSI targets...
[[0;32m  OK  [0m] Reached target Sockets.
[[0;32m  OK  [0m] Reached target Basic System.
[[0;32m  OK  [0m] Started FUSE filesystem for LXC.
         Starting LSB: Record successful boot for GRUB...
         Starting /etc/rc.local Compatibility...
         Starting OpenBSD Secure Shell server...
         Starting LSB: MD monitoring daemon...
         Starting LXD - container startup/shutdown...
         Starting vboxadd.service...
         Starting Accounts Service...
[[0;32m  OK  [0m] Started D-Bus System Message Bus.
         Starting Login Service...
[[0;32m  OK  [0m] Started Regular background program processing daemon.
[[0;32m  OK  [0m] Started ACPI event daemon.
         Starting Snappy daemon...
         Starting System Logging Service...
[[0;32m  OK  [0m] Started Deferred execution scheduler.
         Starting PostgreSQL Cluster 9.5-main...
[[0;32m  OK  [0m] Started /etc/rc.local Compatibility.
[[0;32m  OK  [0m] Started OpenBSD Secure Shell server.
[[0;32m  OK  [0m] Started vboxadd.service.
[[0;32m  OK  [0m] Started Login Service.
[[0;32m  OK  [0m] Started Unattended Upgrades Shutdown.
         Starting vboxadd-service.service...
         Starting Authenticate and Authorize Users to Run Privileged Tasks...
[[0;32m  OK  [0m] Started LSB: Record successful boot for GRUB.
[[0;32m  OK  [0m] Started LSB: MD monitoring daemon.
[[0;32m  OK  [0m] Started System Logging Service.
[[0;1;31mFAILED[0m] Failed to start vboxadd-service.service.
See 'systemctl status vboxadd-service.service' for details.
[[0;32m  OK  [0m] Started Login to default iSCSI targets.
[[0;32m  OK  [0m] Reached target Remote File Systems (Pre).
[[0;32m  OK  [0m] Reached target Remote File Systems.
         Starting Permit User Sessions...
         Starting LSB: daemon to balance interrupts for SMP systems...
         Starting LSB: Set the CPU Frequency Scaling governor to "ondemand"...
         Starting LSB: Start/stop sysstat's sadc...
         Starting LSB: automatic crash report generation...
[[0;32m  OK  [0m] Started Permit User Sessions.
         Starting Hold until boot process finishes up...
         Starting Terminate Plymouth Boot Screen...
[[0;32m  OK  [0m] Started Hold until boot process finishes up.
[[0;32m  OK  [0m] Started Terminate Plymouth Boot Screen.
[[0;32m  OK  [0m] Started Authenticate and Authorize Users to Run Privileged Tasks.
[[0;32m  OK  [0m] Started Accounts Service.
>>>>>>> cc7551747d2d20d8a432945c4fd2185bb14cb089
[[0;32m  OK  [0m] Started Serial Getty on ttyS0.
         Starting Set console scheme...
[[0;32m  OK  [0m] Started Getty on tty1.
[[0;32m  OK  [0m] Reached target Login Prompts.
<<<<<<< HEAD
         Starting vboxadd-service.service...
[[0;32m  OK  [0m] Started Set console scheme.
[[0;1;31mFAILED[0m] Failed to start vboxadd-service.service.
See 'systemctl status vboxadd-service.service' for details.
=======
[[0;32m  OK  [0m] Started LSB: daemon to balance interrupts for SMP systems.
[[0;32m  OK  [0m] Started LSB: Set the CPU Frequency Scaling governor to "ondemand".
[[0;32m  OK  [0m] Started LSB: Start/stop sysstat's sadc.
[[0;32m  OK  [0m] Started LSB: automatic crash report generation.
[[0;32m  OK  [0m] Started Set console scheme.
[[0;32m  OK  [0m] Started LXD - container startup/shutdown.
>>>>>>> cc7551747d2d20d8a432945c4fd2185bb14cb089
[[0;32m  OK  [0m] Created slice User Slice of vagrant.
         Starting User Manager for UID 1000...
[[0;32m  OK  [0m] Started Session 1 of user vagrant.
[[0;32m  OK  [0m] Started User Manager for UID 1000.
<<<<<<< HEAD
[[0;32m  OK  [0m] Started LXD - container startup/shutdown.
=======
>>>>>>> cc7551747d2d20d8a432945c4fd2185bb14cb089
[[0;32m  OK  [0m] Started Snappy daemon.
         Starting Wait until snapd is fully seeded...
[[0;32m  OK  [0m] Started Wait until snapd is fully seeded.
         Starting Apply the settings specified in cloud-config...
<<<<<<< HEAD
[   50.866573] cloud-init[1536]: Cloud-init v. 19.4-33-gbb4131a2-0ubuntu1~16.04.1 running 'modules:config' at Sun, 17 May 2020 03:29:47 +0000. Up 50.63 seconds.
[[0;32m  OK  [0m] Started Apply the settings specified in cloud-config.
[[0;32m  OK  [0m] Started PostgreSQL Cluster 9.5-main.
         Starting PostgreSQL RDBMS...
[   52.476248] cloud-init[1691]: Cloud-init v. 19.4-33-gbb4131a2-0ubuntu1~16.04.1 running 'modules:final' at Sun, 17 May 2020 03:29:49 +0000. Up 52.29 seconds.
[   52.477396] cloud-init[1691]: Cloud-init v. 19.4-33-gbb4131a2-0ubuntu1~16.04.1 finished at Sun, 17 May 2020 03:29:49 +0000. Datasource DataSourceNoCloud [seed=/dev/sdb][dsmode=net].  Up 52.46 seconds

Ubuntu 16.04.6 LTS ubuntu-xenial ttyS0

ubuntu-xenial login: [[0;32m  OK  [0m] Closed Load/Save RF Kill Switch Status /dev/rfkill Watch.
         Stopping Session 10 of user vagrant.
[[0;32m  OK  [0m] Stopped target Timers.
[[0;32m  OK  [0m] Stopped Daily Cleanup of Temporary Directories.
[         Stopping Authenticate and Authorize Users to Run Privileged Tasks...
[[0;32m  OK  [0m] Stopped Message of the Day.
         Stopping Deferred execution scheduler...
         Stopping LSB: Start/stop sysstat's sadc...
[[0;32m  OK  [0m] Stopped Apply the settings specified in cloud-config.
[[0;32m  OK  [0m] Stopped Wait until snapd is fully seeded.
         Stopping Snappy daemon...
[[0;32m  OK  [0m] Stopped target Cloud-config availability.
         Stopping D-Bus System Message Bus...
         Stopping FUSE filesystem for LXC...
         Stopping LSB: daemon to balance interrupts for SMP systems...
         Stopping ACPI event daemon...
         Stopping User Manager for UID 1000...
         Stopping PostgreSQL Cluster 9.5-main...
         Stopping LSB: Record successful boot for GRUB...
[[0;32m  OK  [0m] Stopped Daily apt download activities.
[[0;32m  OK  [0m] Stopped target System Time Synchronized.
[[0;32m  OK  [0m] Unmounted /vagrant.
[[0;32m  OK  [0m] Unmounted /myapp.
[[0;32m  OK  [0m] Unmounted /app.
[[0;32m  OK  [0m] Unmounted /var/lib/lxcfs.
[[0;32m  OK  [0m] Stopped System Logging Service.
[[0;32m  OK  [0m] Stopped Accounts Service.
[[0;32m  OK  [0m] Stopped ACPI event daemon.
[[0;32m  OK  [0m] Stopped Snappy daemon.
[[0;32m  OK  [0m] Stopped Deferred execution scheduler.
[[0;32m  OK  [0m] Stopped Regular background program processing daemon.
[[0;32m  OK  [0m] Stopped Unattended Upgrades Shutdown.
[[0;32m  OK  [0m] Stopped Authenticate and Authorize Users to Run Privileged Tasks.
[[0;32m  OK  [0m] Stopped OpenBSD Secure Shell server.
[[0;32m  OK  [0m] Stopped Serial Getty on ttyS0.
[[0;32m  OK  [0m] Stopped Getty on tty1.
[[0;32m  OK  [0m] Stopped User Manager for UID 1000.
[[0;32m  OK  [0m] Stopped Session 10 of user vagrant.
[[0;32m  OK  [0m] Stopped vboxadd.service.
[[0;32m  OK  [0m] Stopped D-Bus System Message Bus.
[[0;32m  OK  [0m] Stopped FUSE filesystem for LXC.
[[0;32m  OK  [0m] Stopped LSB: MD monitoring daemon.
[[0;32m  OK  [0m] Stopped LSB: Start/stop sysstat's sadc.
[[0;32m  OK  [0m] Stopped LXD - container startup/shutdown.
[[0;32m  OK  [0m] Stopped LSB: automatic crash report generation.
[[0;32m  OK  [0m] Stopped LSB: Set the CPU Frequency Scaling governor to "ondemand".
[[0;32m  OK  [0m] Stopped LSB: daemon to balance interrupts for SMP systems.
[[0;32m  OK  [0m] Stopped LSB: Record successful boot for GRUB.
[[0;32m  OK  [0m] Stopped User Manager for UID 1000.
[[0;32m  OK  [0m] Removed slice User Slice of vagrant.
[[0;32m  OK  [0m] Removed slice system-getty.slice.
[[0;32m  OK  [0m] Removed slice system-serial\x2dgetty.slice.
         Stopping Permit User Sessions...
[[0;32m  OK  [0m] Stopped /etc/rc.local Compatibility.
         Stopping Login Service...
         Unmounting Mount unit for core, revision 9066...
         Unmounting Mount unit for heroku, revision 3929...
         Unmounting Mount unit for heroku, revision 3907...
[[0;32m  OK  [0m] Stopped Login Service.
[[0;32m  OK  [0m] Stopped PostgreSQL Cluster 9.5-main.
[[0;32m  OK  [0m] Stopped Permit User Sessions.
[[0;32m  OK  [0m] Unmounted Mount unit for core, revision 9066.
[[0;32m  OK  [0m] Unmounted Mount unit for heroku, revision 3929.
[[0;32m  OK  [0m] Unmounted Mount unit for heroku, revision 3907.
[[0;32m  OK  [0m] Stopped target Remote File Systems.
[[0;32m  OK  [0m] Stopped target Remote File Systems (Pre).
         Stopping Login to default iSCSI targets...
[[0;32m  OK  [0m] Removed slice system-postgresql.slice.
[[0;32m  OK  [0m] Stopped target Basic System.
[[0;32m  OK  [0m] Stopped target Slices.
[[0;32m  OK  [0m] Stopped target Paths.
[[0;32m  OK  [0m] Stopped Dispatch Password Requests to Console Directory Watch.
[[0;32m  OK  [0m] Stopped ACPI Events Check.
[[0;32m  OK  [0m] Stopped Forward Password Requests to Wall Directory Watch.
[[0;32m  OK  [0m] Stopped target Sockets.
[[0;32m  OK  [0m] Closed Syslog Socket.
[[0;32m  OK  [0m] Closed Socket activation for snappy daemon.
[[0;32m  OK  [0m] Closed UUID daemon activation socket.
[[0;32m  OK  [0m] Closed ACPID Listen Socket.
[[0;32m  OK  [0m] Closed LXD - unix socket.
[[0;32m  OK  [0m] Stopped target User and Group Name Lookups.
[[0;32m  OK  [0m] Removed slice User and Session Slice.
[[0;32m  OK  [0m] Closed D-Bus System Message Bus Socket.
[[0;32m  OK  [0m] Stopped target System Initialization.
[[0;32m  OK  [0m] Stopped target Swap.
         Stopping Load/Save Random Seed...
         Stopping Update UTMP about System Boot/Shutdown...
[[0;32m  OK  [0m] Stopped target Encrypted Volumes.
[[0;32m  OK  [0m] Stopped Load/Save Random Seed.
[[0;32m  OK  [0m] Stopped Update UTMP about System Boot/Shutdown.
[[0;32m  OK  [0m] Stopped Create Volatile Files and Directories.
[[0;32m  OK  [0m] Stopped Login to default iSCSI targets.
         Stopping iSCSI initiator daemon (iscsid)...
[[0;32m  OK  [0m] Stopped iSCSI initiator daemon (iscsid).
[[0;32m  OK  [0m] Stopped target Network is Online.
[[0;32m  OK  [0m] Stopped Initial cloud-init job (metadata service crawler).
[[0;32m  OK  [0m] Stopped target Network.
         Stopping Raise network interfaces...
[[0;32m  OK  [0m] Stopped Raise network interfaces.
[[0;32m  OK  [0m] Stopped Apply Kernel Variables.
[[0;32m  OK  [0m] Stopped Load Kernel Modules.
[[0;32m  OK  [0m] Stopped target Local File Systems.
         Unmounting /run/user/1000...
[[0;32m  OK  [0m] Stopped target Network (Pre).
[[0;32m  OK  [0m] Stopped Initial cloud-init job (pre-networking).
[[0;32m  OK  [0m] Unmounted /run/user/1000.
[[0;32m  OK  [0m] Reached target Unmount All Filesystems.
[[0;32m  OK  [0m] Stopped target Local File Systems (Pre).
[[0;32m  OK  [0m] Stopped Create Static Device Nodes in /dev.
[[0;32m  OK  [0m] Stopped Remount Root and Kernel File Systems.
[[0;32m  OK  [0m] Reached target Shutdown.
[ 324.2631 rbot:Power down

=======
[   50.788905] cloud-init[1545]: Cloud-init v. 19.4-33-gbb4131a2-0ubuntu1~16.04.1 running 'modules:config' at Tue, 26 May 2020 03:43:18 +0000. Up 50.35 seconds.
[[0;32m  OK  [0m] Started Apply the settings specified in cloud-config.

Ubuntu 16.04.6 LTS ubuntu-xenial ttyS0

ubuntu-xenial login: [   53.444382] cloud-init[2011]: Cloud-init v. 19.4-33-gbb4131a2-0ubuntu1~16.04.1 running 'modules:final' at Tue, 26 May 2020 03:43:21 +0000. Up 53.25 seconds.
[   53.445034] cloud-init[2011]: Cloud-init v. 19.4-33-gbb4131a2-0ubuntu1~16.04.1 finished at Tue, 26 May 2020 03:43:21 +0000. Datasource DataSourceNoCloud [seed=/dev/sdb][dsmode=net].  Up 53.43 seconds
>>>>>>> cc7551747d2d20d8a432945c4fd2185bb14cb089
